2023-01-16 10:30:23.610 [info] Log level: Info
2023-01-16 10:30:23.610 [info] Validating found git in: "git"
2023-01-16 10:30:23.610 [info] Using git "2.30.2" from "git"
2023-01-16 10:30:23.610 [info] > git rev-parse --show-toplevel [47ms]
2023-01-16 10:30:23.610 [info] > git rev-parse --git-dir --git-common-dir [13ms]
2023-01-16 10:30:23.610 [info] Open repository: /home/knykanen/public_html/redirect
2023-01-16 10:30:23.610 [info] > git config --get commit.template [3ms]
2023-01-16 10:30:23.610 [warning] No remotes found in the git config file.
2023-01-16 10:30:23.610 [info] > git remote --verbose [1ms]
2023-01-16 10:30:23.610 [info] > git status -z -uall [15ms]
2023-01-16 10:30:23.610 [info] > git for-each-ref --sort -committerdate --format %(refname) %(objectname) %(*objectname) [20ms]
2023-01-16 10:30:23.610 [warning] No remotes found in the git config file.
2023-01-16 10:30:23.611 [info] > git config --get commit.template [4ms]
2023-01-16 10:30:23.611 [info] > git remote --verbose [1ms]
2023-01-16 10:30:23.611 [info] > git status -z -uall [3ms]
2023-01-16 10:30:23.611 [info] > git for-each-ref --sort -committerdate --format %(refname) %(objectname) %(*objectname) [1ms]
2023-01-16 10:30:23.611 [info] > git show --textconv :kigestyle.css [4ms]
2023-01-16 10:30:23.611 [info] > git ls-files --stage -- /home/knykanen/public_html/redirect/kigestyle.css [1ms]
2023-01-16 10:30:23.611 [info] > git check-ignore -v -z --stdin [1ms]
2023-01-16 10:30:35.267 [info] > git ls-files --stage -- /home/knykanen/public_html/redirect/index.php [1ms]
2023-01-16 10:30:35.327 [info] > git cat-file -s 022c7f72e08a12e34e42fc56248dade93a540ea4 [55ms]
2023-01-16 10:30:35.327 [info] > git show --textconv :index.php [65ms]
2023-01-16 10:36:24.224 [warning] No remotes found in the git config file.
2023-01-16 10:36:24.224 [info] > git config --get commit.template [4ms]
2023-01-16 10:36:24.225 [info] > git remote --verbose [1ms]
2023-01-16 10:36:24.231 [info] > git status -z -uall [2ms]
2023-01-16 10:36:24.232 [info] > git for-each-ref --sort -committerdate --format %(refname) %(objectname) %(*objectname) [2ms]
2023-01-16 10:36:54.657 [info] > git config --get commit.template [1ms]
2023-01-16 10:36:54.660 [warning] No remotes found in the git config file.
2023-01-16 10:36:54.661 [info] > git remote --verbose [1ms]
2023-01-16 10:36:54.667 [info] > git status -z -uall [3ms]
2023-01-16 10:36:54.668 [info] > git for-each-ref --sort -committerdate --format %(refname) %(objectname) %(*objectname) [1ms]
2023-01-16 10:37:55.592 [warning] No remotes found in the git config file.
2023-01-16 10:37:55.592 [info] > git config --get commit.template [3ms]
2023-01-16 10:37:55.593 [info] > git remote --verbose [1ms]
2023-01-16 10:37:55.599 [info] > git status -z -uall [3ms]
2023-01-16 10:37:55.600 [info] > git for-each-ref --sort -committerdate --format %(refname) %(objectname) %(*objectname) [2ms]
2023-01-16 10:44:07.897 [warning] No remotes found in the git config file.
2023-01-16 10:44:07.898 [info] > git config --get commit.template [5ms]
2023-01-16 10:44:07.898 [info] > git remote --verbose [1ms]
2023-01-16 10:44:07.906 [info] > git status -z -uall [4ms]
2023-01-16 10:44:07.907 [info] > git for-each-ref --sort -committerdate --format %(refname) %(objectname) %(*objectname) [2ms]
2023-01-16 10:48:08.958 [warning] No remotes found in the git config file.
2023-01-16 10:48:08.959 [info] > git config --get commit.template [4ms]
2023-01-16 10:48:08.959 [info] > git remote --verbose [1ms]
2023-01-16 10:48:08.966 [info] > git status -z -uall [4ms]
2023-01-16 10:48:08.967 [info] > git for-each-ref --sort -committerdate --format %(refname) %(objectname) %(*objectname) [2ms]
2023-01-16 10:50:45.582 [info] > git config --get commit.template [1ms]
2023-01-16 10:50:45.585 [warning] No remotes found in the git config file.
2023-01-16 10:50:45.585 [info] > git remote --verbose [0ms]
2023-01-16 10:50:45.592 [info] > git status -z -uall [4ms]
2023-01-16 10:50:45.592 [info] > git for-each-ref --sort -committerdate --format %(refname) %(objectname) %(*objectname) [1ms]
2023-01-16 10:52:45.430 [warning] No remotes found in the git config file.
2023-01-16 10:52:45.430 [info] > git config --get commit.template [4ms]
2023-01-16 10:52:45.430 [info] > git remote --verbose [1ms]
2023-01-16 10:52:45.437 [info] > git status -z -uall [3ms]
2023-01-16 10:52:45.437 [info] > git for-each-ref --sort -committerdate --format %(refname) %(objectname) %(*objectname) [1ms]
2023-01-16 10:54:31.914 [warning] No remotes found in the git config file.
2023-01-16 10:54:31.915 [info] > git config --get commit.template [4ms]
2023-01-16 10:54:31.915 [info] > git remote --verbose [1ms]
2023-01-16 10:54:31.921 [info] > git status -z -uall [3ms]
2023-01-16 10:54:31.922 [info] > git for-each-ref --sort -committerdate --format %(refname) %(objectname) %(*objectname) [1ms]
2023-01-16 10:56:21.417 [info] > git config --get commit.template [1ms]
2023-01-16 10:56:21.420 [warning] No remotes found in the git config file.
2023-01-16 10:56:21.421 [info] > git remote --verbose [1ms]
2023-01-16 10:56:21.428 [info] > git status -z -uall [3ms]
2023-01-16 10:56:21.429 [info] > git for-each-ref --sort -committerdate --format %(refname) %(objectname) %(*objectname) [1ms]
2023-01-16 10:56:27.032 [info] > git add -A -- /home/knykanen/public_html/redirect/funktio.php /home/knykanen/public_html/redirect/index.php /home/knykanen/public_html/redirect/kigestyle.css /home/knykanen/public_html/redirect/lomake.html [131ms]
2023-01-16 10:56:27.038 [warning] No remotes found in the git config file.
2023-01-16 10:56:27.039 [info] > git config --get commit.template [3ms]
2023-01-16 10:56:27.039 [info] > git remote --verbose [1ms]
2023-01-16 10:56:27.045 [info] > git status -z -uall [3ms]
2023-01-16 10:56:27.046 [info] > git for-each-ref --sort -committerdate --format %(refname) %(objectname) %(*objectname) [1ms]
2023-01-16 10:56:28.138 [info] > git ls-files --stage -- /home/knykanen/public_html/redirect/kigestyle.css [5ms]
2023-01-16 10:56:28.141 [info] > git ls-files --stage -- /home/knykanen/public_html/redirect/index.php [4ms]
2023-01-16 10:56:28.144 [info] > git cat-file -s dee2131ab3f1ea1f41b49ad4333ce58d00cd5dc1 [3ms]
2023-01-16 10:56:28.145 [info] > git cat-file -s 278ab3c013b88f8eb24e229425491fdc1eda6fcb [1ms]
2023-01-16 10:56:28.181 [info] > git show --textconv :kigestyle.css [4ms]
2023-01-16 10:56:28.182 [info] > git show --textconv :index.php [1ms]
2023-01-16 10:56:43.348 [info] > git -c user.useConfigOnly=true commit --quiet --allow-empty-message --file - [126ms]
2023-01-16 10:56:43.352 [info] > git config --get commit.template [1ms]
2023-01-16 10:56:43.360 [warning] No remotes found in the git config file.
2023-01-16 10:56:43.360 [info] > git config --get commit.template [4ms]
2023-01-16 10:56:43.361 [info] > git remote --verbose [0ms]
2023-01-16 10:56:43.366 [info] > git status -z -uall [3ms]
2023-01-16 10:56:43.367 [info] > git for-each-ref --sort -committerdate --format %(refname) %(objectname) %(*objectname) [1ms]
2023-01-16 10:56:43.458 [warning] No remotes found in the git config file.
2023-01-16 10:56:43.458 [info] > git config --get commit.template [5ms]
2023-01-16 10:56:43.459 [info] > git remote --verbose [1ms]
2023-01-16 10:56:43.465 [info] > git status -z -uall [3ms]
2023-01-16 10:56:43.465 [info] > git for-each-ref --sort -committerdate --format %(refname) %(objectname) %(*objectname) [1ms]
2023-01-16 10:56:44.593 [info] > git ls-files --stage -- /home/knykanen/public_html/redirect/kigestyle.css [3ms]
2023-01-16 10:56:44.597 [info] > git ls-files --stage -- /home/knykanen/public_html/redirect/index.php [3ms]
2023-01-16 10:56:44.600 [info] > git cat-file -s dee2131ab3f1ea1f41b49ad4333ce58d00cd5dc1 [3ms]
2023-01-16 10:56:44.600 [info] > git cat-file -s 278ab3c013b88f8eb24e229425491fdc1eda6fcb [1ms]
2023-01-16 10:56:44.636 [info] > git show --textconv :kigestyle.css [4ms]
2023-01-16 10:56:44.636 [info] > git show --textconv :index.php [1ms]
2023-01-16 11:00:08.412 [warning] No remotes found in the git config file.
2023-01-16 11:00:08.413 [info] > git config --get commit.template [4ms]
2023-01-16 11:00:08.413 [info] > git remote --verbose [1ms]
2023-01-16 11:00:08.419 [info] > git status -z -uall [2ms]
2023-01-16 11:00:08.421 [info] > git for-each-ref --sort -committerdate --format %(refname) %(objectname) %(*objectname) [2ms]
2023-01-16 11:02:05.356 [info] > git show --textconv :styles.css [4ms]
2023-01-16 11:02:05.357 [info] > git ls-files --stage -- /home/knykanen/public_html/redirect/styles.css [2ms]
2023-01-16 11:02:05.558 [info] > git check-ignore -v -z --stdin [1ms]
2023-01-16 11:02:05.979 [warning] No remotes found in the git config file.
2023-01-16 11:02:05.980 [info] > git config --get commit.template [4ms]
2023-01-16 11:02:05.980 [info] > git remote --verbose [1ms]
2023-01-16 11:02:05.986 [info] > git status -z -uall [3ms]
2023-01-16 11:02:05.987 [info] > git for-each-ref --sort -committerdate --format %(refname) %(objectname) %(*objectname) [1ms]
2023-01-16 11:03:26.321 [warning] No remotes found in the git config file.
2023-01-16 11:03:26.321 [info] > git config --get commit.template [4ms]
2023-01-16 11:03:26.321 [info] > git remote --verbose [1ms]
2023-01-16 11:03:26.329 [info] > git status -z -uall [3ms]
2023-01-16 11:03:26.329 [info] > git for-each-ref --sort -committerdate --format %(refname) %(objectname) %(*objectname) [1ms]
2023-01-16 11:04:23.197 [warning] No remotes found in the git config file.
2023-01-16 11:04:23.198 [info] > git config --get commit.template [3ms]
2023-01-16 11:04:23.198 [info] > git remote --verbose [1ms]
2023-01-16 11:04:23.206 [info] > git status -z -uall [5ms]
2023-01-16 11:04:23.206 [info] > git for-each-ref --sort -committerdate --format %(refname) %(objectname) %(*objectname) [2ms]
2023-01-16 11:05:02.864 [warning] No remotes found in the git config file.
2023-01-16 11:05:02.864 [info] > git config --get commit.template [4ms]
2023-01-16 11:05:02.865 [info] > git remote --verbose [1ms]
2023-01-16 11:05:02.871 [info] > git status -z -uall [3ms]
2023-01-16 11:05:02.871 [info] > git for-each-ref --sort -committerdate --format %(refname) %(objectname) %(*objectname) [1ms]
2023-01-16 11:06:04.299 [warning] No remotes found in the git config file.
2023-01-16 11:06:04.299 [info] > git config --get commit.template [3ms]
2023-01-16 11:06:04.300 [info] > git remote --verbose [1ms]
2023-01-16 11:06:04.306 [info] > git status -z -uall [4ms]
2023-01-16 11:06:04.307 [info] > git for-each-ref --sort -committerdate --format %(refname) %(objectname) %(*objectname) [2ms]
2023-01-16 11:08:10.852 [warning] No remotes found in the git config file.
2023-01-16 11:08:10.852 [info] > git config --get commit.template [4ms]
2023-01-16 11:08:10.852 [info] > git remote --verbose [1ms]
2023-01-16 11:08:10.859 [info] > git status -z -uall [3ms]
2023-01-16 11:08:10.859 [info] > git for-each-ref --sort -committerdate --format %(refname) %(objectname) %(*objectname) [1ms]
2023-01-16 11:09:27.685 [warning] No remotes found in the git config file.
2023-01-16 11:09:27.686 [info] > git config --get commit.template [5ms]
2023-01-16 11:09:27.686 [info] > git remote --verbose [1ms]
2023-01-16 11:09:27.695 [info] > git status -z -uall [5ms]
2023-01-16 11:09:27.696 [info] > git for-each-ref --sort -committerdate --format %(refname) %(objectname) %(*objectname) [2ms]
2023-01-16 11:10:49.988 [warning] No remotes found in the git config file.
2023-01-16 11:10:49.988 [info] > git config --get commit.template [4ms]
2023-01-16 11:10:49.989 [info] > git remote --verbose [1ms]
2023-01-16 11:10:49.995 [info] > git status -z -uall [3ms]
2023-01-16 11:10:49.996 [info] > git for-each-ref --sort -committerdate --format %(refname) %(objectname) %(*objectname) [1ms]
2023-01-16 11:11:50.609 [info] > git config --get commit.template [1ms]
2023-01-16 11:11:50.612 [warning] No remotes found in the git config file.
2023-01-16 11:11:50.612 [info] > git remote --verbose [1ms]
2023-01-16 11:11:50.619 [info] > git status -z -uall [3ms]
2023-01-16 11:11:50.619 [info] > git for-each-ref --sort -committerdate --format %(refname) %(objectname) %(*objectname) [1ms]
2023-01-16 11:12:49.727 [warning] No remotes found in the git config file.
2023-01-16 11:12:49.727 [info] > git config --get commit.template [3ms]
2023-01-16 11:12:49.728 [info] > git remote --verbose [1ms]
2023-01-16 11:12:49.734 [info] > git status -z -uall [4ms]
2023-01-16 11:12:49.735 [info] > git for-each-ref --sort -committerdate --format %(refname) %(objectname) %(*objectname) [2ms]
2023-01-16 11:14:12.707 [info] > git config --get commit.template [1ms]
2023-01-16 11:14:12.710 [warning] No remotes found in the git config file.
2023-01-16 11:14:12.711 [info] > git remote --verbose [1ms]
2023-01-16 11:14:12.718 [info] > git status -z -uall [4ms]
2023-01-16 11:14:12.718 [info] > git for-each-ref --sort -committerdate --format %(refname) %(objectname) %(*objectname) [1ms]
2023-01-16 11:14:32.072 [info] > git add -A -- /home/knykanen/public_html/redirect/index.php [1ms]
2023-01-16 11:14:32.079 [warning] No remotes found in the git config file.
2023-01-16 11:14:32.080 [info] > git config --get commit.template [4ms]
2023-01-16 11:14:32.080 [info] > git remote --verbose [1ms]
2023-01-16 11:14:32.087 [info] > git status -z -uall [4ms]
2023-01-16 11:14:32.088 [info] > git for-each-ref --sort -committerdate --format %(refname) %(objectname) %(*objectname) [2ms]
2023-01-16 11:14:33.166 [warning] No remotes found in the git config file.
2023-01-16 11:14:33.166 [info] > git config --get commit.template [4ms]
2023-01-16 11:14:33.166 [info] > git remote --verbose [1ms]
2023-01-16 11:14:33.173 [info] > git status -z -uall [3ms]
2023-01-16 11:14:33.173 [info] > git for-each-ref --sort -committerdate --format %(refname) %(objectname) %(*objectname) [1ms]
2023-01-16 11:14:33.295 [info] > git ls-files --stage -- /home/knykanen/public_html/redirect/index.php [4ms]
2023-01-16 11:14:33.298 [info] > git ls-files --stage -- /home/knykanen/public_html/redirect/styles.css [4ms]
2023-01-16 11:14:33.299 [info] > git cat-file -s 31267c67c655cc5156f5987cb2e8886ec015e077 [1ms]
2023-01-16 11:14:33.388 [info] > git show --textconv :styles.css [4ms]
2023-01-16 11:14:33.389 [info] > git show --textconv :index.php [2ms]
2023-01-16 11:14:33.966 [info] > git add -A -- /home/knykanen/public_html/redirect/styles.css [2ms]
2023-01-16 11:14:33.974 [warning] No remotes found in the git config file.
2023-01-16 11:14:33.975 [info] > git config --get commit.template [4ms]
2023-01-16 11:14:33.975 [info] > git remote --verbose [1ms]
2023-01-16 11:14:33.981 [info] > git status -z -uall [3ms]
2023-01-16 11:14:33.982 [info] > git for-each-ref --sort -committerdate --format %(refname) %(objectname) %(*objectname) [1ms]
2023-01-16 11:14:35.190 [info] > git ls-files --stage -- /home/knykanen/public_html/redirect/index.php [4ms]
2023-01-16 11:14:35.194 [info] > git ls-files --stage -- /home/knykanen/public_html/redirect/styles.css [4ms]
2023-01-16 11:14:35.197 [info] > git cat-file -s 31267c67c655cc5156f5987cb2e8886ec015e077 [4ms]
2023-01-16 11:14:35.198 [info] > git cat-file -s 8cf99ccf7c5b1e8c0881224543d167a8ffcd0a35 [1ms]
2023-01-16 11:14:35.234 [info] > git show --textconv :index.php [3ms]
2023-01-16 11:14:35.235 [info] > git show --textconv :styles.css [1ms]
2023-01-16 11:14:36.109 [info] > git add -A -- /home/knykanen/public_html/redirect/kigestyle.css [2ms]
2023-01-16 11:14:36.116 [warning] No remotes found in the git config file.
2023-01-16 11:14:36.116 [info] > git config --get commit.template [3ms]
2023-01-16 11:14:36.117 [info] > git remote --verbose [1ms]
2023-01-16 11:14:36.123 [info] > git status -z -uall [3ms]
2023-01-16 11:14:36.124 [info] > git for-each-ref --sort -committerdate --format %(refname) %(objectname) %(*objectname) [2ms]
2023-01-16 11:14:37.330 [info] > git ls-files --stage -- /home/knykanen/public_html/redirect/index.php [3ms]
2023-01-16 11:14:37.334 [info] > git ls-files --stage -- /home/knykanen/public_html/redirect/styles.css [4ms]
2023-01-16 11:14:37.338 [info] > git cat-file -s 31267c67c655cc5156f5987cb2e8886ec015e077 [5ms]
2023-01-16 11:14:37.339 [info] > git cat-file -s 8cf99ccf7c5b1e8c0881224543d167a8ffcd0a35 [1ms]
2023-01-16 11:14:37.375 [info] > git show --textconv :index.php [3ms]
2023-01-16 11:14:37.376 [info] > git show --textconv :styles.css [1ms]
2023-01-16 11:14:38.183 [warning] No remotes found in the git config file.
2023-01-16 11:14:38.183 [info] > git config --get commit.template [4ms]
2023-01-16 11:14:38.184 [info] > git remote --verbose [1ms]
2023-01-16 11:14:38.192 [info] > git status -z -uall [3ms]
2023-01-16 11:14:38.193 [info] > git for-each-ref --sort -committerdate --format %(refname) %(objectname) %(*objectname) [1ms]
2023-01-16 11:14:48.166 [info] > git -c user.useConfigOnly=true commit --quiet --allow-empty-message --file - [4ms]
2023-01-16 11:14:48.169 [info] > git config --get commit.template [0ms]
2023-01-16 11:14:48.177 [warning] No remotes found in the git config file.
2023-01-16 11:14:48.177 [info] > git config --get commit.template [3ms]
2023-01-16 11:14:48.177 [info] > git remote --verbose [0ms]
2023-01-16 11:14:48.183 [info] > git status -z -uall [3ms]
2023-01-16 11:14:48.184 [info] > git for-each-ref --sort -committerdate --format %(refname) %(objectname) %(*objectname) [1ms]
2023-01-16 11:14:48.327 [warning] No remotes found in the git config file.
2023-01-16 11:14:48.327 [info] > git config --get commit.template [4ms]
2023-01-16 11:14:48.327 [info] > git remote --verbose [0ms]
2023-01-16 11:14:48.333 [info] > git status -z -uall [2ms]
2023-01-16 11:14:48.334 [info] > git for-each-ref --sort -committerdate --format %(refname) %(objectname) %(*objectname) [1ms]
2023-01-16 11:14:49.463 [info] > git ls-files --stage -- /home/knykanen/public_html/redirect/index.php [4ms]
2023-01-16 11:14:49.466 [info] > git ls-files --stage -- /home/knykanen/public_html/redirect/styles.css [5ms]
2023-01-16 11:14:49.469 [info] > git cat-file -s 31267c67c655cc5156f5987cb2e8886ec015e077 [3ms]
2023-01-16 11:14:49.470 [info] > git cat-file -s 8cf99ccf7c5b1e8c0881224543d167a8ffcd0a35 [1ms]
2023-01-16 11:14:49.510 [info] > git show --textconv :index.php [3ms]
2023-01-16 11:14:49.511 [info] > git show --textconv :styles.css [1ms]
