2023-01-12 11:40:24.797 [info] Log level: Info
2023-01-12 11:40:24.797 [info] Validating found git in: "git"
2023-01-12 11:40:24.797 [info] Using git "2.30.2" from "git"
2023-01-12 11:40:24.797 [info] > git rev-parse --show-toplevel [43ms]
2023-01-12 11:40:24.797 [info] fatal: not a git repository (or any parent up to mount point /)
Stopping at filesystem boundary (GIT_DISCOVERY_ACROSS_FILESYSTEM not set).
2023-01-12 11:40:24.797 [info] > git rev-parse --show-toplevel [1ms]
2023-01-12 11:40:24.797 [info] fatal: not a git repository (or any parent up to mount point /)
Stopping at filesystem boundary (GIT_DISCOVERY_ACROSS_FILESYSTEM not set).
2023-01-12 11:40:25.293 [info] > git rev-parse --show-toplevel [2ms]
2023-01-12 11:40:25.293 [info] fatal: not a git repository (or any parent up to mount point /)
Stopping at filesystem boundary (GIT_DISCOVERY_ACROSS_FILESYSTEM not set).
2023-01-12 11:40:25.382 [info] > git rev-parse --show-toplevel [2ms]
2023-01-12 11:40:25.382 [info] fatal: not a git repository (or any parent up to mount point /)
Stopping at filesystem boundary (GIT_DISCOVERY_ACROSS_FILESYSTEM not set).
2023-01-12 11:41:42.910 [info] > git rev-parse --show-toplevel [4ms]
2023-01-12 11:41:42.910 [info] fatal: not a git repository (or any parent up to mount point /)
Stopping at filesystem boundary (GIT_DISCOVERY_ACROSS_FILESYSTEM not set).
2023-01-12 11:41:51.484 [info] > git rev-parse --show-toplevel [4ms]
2023-01-12 11:41:51.484 [info] fatal: not a git repository (or any parent up to mount point /)
Stopping at filesystem boundary (GIT_DISCOVERY_ACROSS_FILESYSTEM not set).
2023-01-12 11:42:45.809 [info] > git rev-parse --show-toplevel [4ms]
2023-01-12 11:42:45.809 [info] fatal: not a git repository (or any parent up to mount point /)
Stopping at filesystem boundary (GIT_DISCOVERY_ACROSS_FILESYSTEM not set).
2023-01-12 11:42:52.941 [info] > git rev-parse --show-toplevel [1ms]
2023-01-12 11:42:52.941 [info] fatal: not a git repository (or any parent up to mount point /)
Stopping at filesystem boundary (GIT_DISCOVERY_ACROSS_FILESYSTEM not set).
2023-01-12 11:43:21.355 [info] > git rev-parse --show-toplevel [1ms]
2023-01-12 11:43:21.355 [info] fatal: not a git repository (or any parent up to mount point /)
Stopping at filesystem boundary (GIT_DISCOVERY_ACROSS_FILESYSTEM not set).
2023-01-12 11:44:34.467 [info] > git rev-parse --show-toplevel [1ms]
2023-01-12 11:44:34.467 [info] fatal: not a git repository (or any parent up to mount point /)
Stopping at filesystem boundary (GIT_DISCOVERY_ACROSS_FILESYSTEM not set).
2023-01-12 11:44:42.692 [info] > git rev-parse --show-toplevel [5ms]
2023-01-12 11:44:42.692 [info] fatal: not a git repository (or any parent up to mount point /)
Stopping at filesystem boundary (GIT_DISCOVERY_ACROSS_FILESYSTEM not set).
2023-01-12 11:44:51.881 [info] > git rev-parse --show-toplevel [3ms]
2023-01-12 11:44:51.881 [info] fatal: not a git repository (or any parent up to mount point /)
Stopping at filesystem boundary (GIT_DISCOVERY_ACROSS_FILESYSTEM not set).
2023-01-12 11:44:55.431 [info] > git rev-parse --show-toplevel [35ms]
2023-01-12 11:44:55.431 [info] fatal: not a git repository (or any parent up to mount point /)
Stopping at filesystem boundary (GIT_DISCOVERY_ACROSS_FILESYSTEM not set).
2023-01-12 11:44:57.098 [info] > git rev-parse --show-toplevel [1ms]
2023-01-12 11:44:57.098 [info] fatal: not a git repository (or any parent up to mount point /)
Stopping at filesystem boundary (GIT_DISCOVERY_ACROSS_FILESYSTEM not set).
2023-01-12 11:45:12.215 [info] > git rev-parse --show-toplevel [1ms]
2023-01-12 11:45:12.215 [info] fatal: not a git repository (or any parent up to mount point /)
Stopping at filesystem boundary (GIT_DISCOVERY_ACROSS_FILESYSTEM not set).
