2023-01-17 15:46:04.871 [info] Log level: Info
2023-01-17 15:46:04.871 [info] Validating found git in: "git"
2023-01-17 15:46:04.871 [info] Using git "2.30.2" from "git"
2023-01-17 15:46:04.871 [info] > git rev-parse --show-toplevel [41ms]
2023-01-17 15:46:04.871 [info] fatal: not a git repository (or any parent up to mount point /)
Stopping at filesystem boundary (GIT_DISCOVERY_ACROSS_FILESYSTEM not set).
2023-01-17 15:46:04.871 [info] > git rev-parse --show-toplevel [1ms]
2023-01-17 15:46:04.871 [info] fatal: not a git repository (or any parent up to mount point /)
Stopping at filesystem boundary (GIT_DISCOVERY_ACROSS_FILESYSTEM not set).
2023-01-17 15:46:04.871 [info] > git rev-parse --show-toplevel [1ms]
2023-01-17 15:46:04.871 [info] fatal: not a git repository (or any parent up to mount point /)
Stopping at filesystem boundary (GIT_DISCOVERY_ACROSS_FILESYSTEM not set).
2023-01-17 15:46:04.871 [info] > git rev-parse --show-toplevel [1ms]
2023-01-17 15:46:04.871 [info] fatal: not a git repository (or any parent up to mount point /)
Stopping at filesystem boundary (GIT_DISCOVERY_ACROSS_FILESYSTEM not set).
2023-01-17 15:46:04.871 [info] > git rev-parse --show-toplevel [1ms]
2023-01-17 15:46:04.871 [info] fatal: not a git repository (or any parent up to mount point /)
Stopping at filesystem boundary (GIT_DISCOVERY_ACROSS_FILESYSTEM not set).
2023-01-17 15:46:05.160 [info] > git rev-parse --show-toplevel [8ms]
2023-01-17 15:46:05.160 [info] fatal: not a git repository (or any parent up to mount point /)
Stopping at filesystem boundary (GIT_DISCOVERY_ACROSS_FILESYSTEM not set).
2023-01-17 15:46:05.165 [info] > git rev-parse --show-toplevel [1ms]
2023-01-17 15:46:05.165 [info] fatal: not a git repository (or any parent up to mount point /)
Stopping at filesystem boundary (GIT_DISCOVERY_ACROSS_FILESYSTEM not set).
2023-01-17 16:03:12.036 [info] > git rev-parse --show-toplevel [1ms]
2023-01-17 16:03:12.036 [info] fatal: not a git repository (or any parent up to mount point /)
Stopping at filesystem boundary (GIT_DISCOVERY_ACROSS_FILESYSTEM not set).
2023-01-17 16:03:16.492 [info] > git rev-parse --show-toplevel [1ms]
2023-01-17 16:03:16.492 [info] fatal: not a git repository (or any parent up to mount point /)
Stopping at filesystem boundary (GIT_DISCOVERY_ACROSS_FILESYSTEM not set).
2023-01-17 16:03:25.346 [info] > git rev-parse --show-toplevel [1ms]
2023-01-17 16:03:25.346 [info] fatal: not a git repository (or any parent up to mount point /)
Stopping at filesystem boundary (GIT_DISCOVERY_ACROSS_FILESYSTEM not set).
