2023-01-11 09:42:17.620 [info] Log level: Info
2023-01-11 09:42:17.620 [info] Validating found git in: "git"
2023-01-11 09:42:17.620 [info] Using git "2.30.2" from "git"
2023-01-11 09:42:17.620 [info] > git rev-parse --show-toplevel [58ms]
2023-01-11 09:42:17.620 [info] fatal: not a git repository (or any parent up to mount point /)
Stopping at filesystem boundary (GIT_DISCOVERY_ACROSS_FILESYSTEM not set).
2023-01-11 09:42:17.620 [info] > git rev-parse --show-toplevel [1ms]
2023-01-11 09:42:17.620 [info] fatal: not a git repository (or any parent up to mount point /)
Stopping at filesystem boundary (GIT_DISCOVERY_ACROSS_FILESYSTEM not set).
2023-01-11 09:42:18.196 [info] > git rev-parse --show-toplevel [13ms]
2023-01-11 09:42:18.196 [info] fatal: not a git repository (or any parent up to mount point /)
Stopping at filesystem boundary (GIT_DISCOVERY_ACROSS_FILESYSTEM not set).
2023-01-11 09:42:18.220 [info] > git rev-parse --show-toplevel [2ms]
2023-01-11 09:42:18.220 [info] fatal: not a git repository (or any parent up to mount point /)
Stopping at filesystem boundary (GIT_DISCOVERY_ACROSS_FILESYSTEM not set).
2023-01-11 09:42:18.224 [info] > git rev-parse --show-toplevel [1ms]
2023-01-11 09:42:18.224 [info] fatal: not a git repository (or any parent up to mount point /)
Stopping at filesystem boundary (GIT_DISCOVERY_ACROSS_FILESYSTEM not set).
2023-01-11 09:42:29.142 [info] > git rev-parse --show-toplevel [4ms]
2023-01-11 09:42:29.142 [info] fatal: not a git repository (or any parent up to mount point /)
Stopping at filesystem boundary (GIT_DISCOVERY_ACROSS_FILESYSTEM not set).
