2023-01-12 11:52:34.214 [info] Log level: Info
2023-01-12 11:52:34.214 [info] Validating found git in: "git"
2023-01-12 11:52:34.214 [info] Using git "2.30.2" from "git"
2023-01-12 11:52:34.214 [info] > git rev-parse --show-toplevel [46ms]
2023-01-12 11:52:34.214 [info] > git rev-parse --git-dir --git-common-dir [1ms]
2023-01-12 11:52:34.214 [info] Open repository: /home/knykanen/public_html/redirect
2023-01-12 11:52:34.214 [info] > git config --get commit.template [2ms]
2023-01-12 11:52:34.214 [warning] No remotes found in the git config file.
2023-01-12 11:52:34.214 [info] > git remote --verbose [1ms]
2023-01-12 11:52:34.214 [info] > git status -z -uall [5ms]
2023-01-12 11:52:34.214 [info] > git for-each-ref --sort -committerdate --format %(refname) %(objectname) %(*objectname) [2ms]
2023-01-12 11:52:34.214 [warning] No remotes found in the git config file.
2023-01-12 11:52:34.214 [info] > git config --get commit.template [5ms]
2023-01-12 11:52:34.214 [info] > git remote --verbose [2ms]
2023-01-12 11:52:34.214 [info] > git status -z -uall [4ms]
2023-01-12 11:52:34.214 [info] > git for-each-ref --sort -committerdate --format %(refname) %(objectname) %(*objectname) [2ms]
2023-01-12 11:52:34.214 [info] > git show --textconv :index.php [5ms]
2023-01-12 11:52:34.214 [info] > git ls-files --stage -- /home/knykanen/public_html/redirect/index.php [2ms]
2023-01-12 11:52:34.214 [info] > git cat-file -s 022c7f72e08a12e34e42fc56248dade93a540ea4 [2ms]
2023-01-12 11:52:34.214 [info] > git check-ignore -v -z --stdin [1ms]
2023-01-12 11:52:53.251 [info] > git config --get commit.template [1ms]
2023-01-12 11:52:53.255 [warning] No remotes found in the git config file.
2023-01-12 11:52:53.256 [info] > git remote --verbose [0ms]
2023-01-12 11:52:53.262 [info] > git status -z -uall [3ms]
2023-01-12 11:52:53.263 [info] > git for-each-ref --sort -committerdate --format %(refname) %(objectname) %(*objectname) [1ms]
2023-01-12 11:53:59.129 [warning] No remotes found in the git config file.
2023-01-12 11:53:59.130 [info] > git config --get commit.template [4ms]
2023-01-12 11:53:59.131 [info] > git remote --verbose [1ms]
2023-01-12 11:53:59.137 [info] > git status -z -uall [3ms]
2023-01-12 11:53:59.138 [info] > git for-each-ref --sort -committerdate --format %(refname) %(objectname) %(*objectname) [1ms]
2023-01-12 11:54:48.255 [warning] No remotes found in the git config file.
2023-01-12 11:54:48.255 [info] > git config --get commit.template [4ms]
2023-01-12 11:54:48.255 [info] > git remote --verbose [1ms]
2023-01-12 11:54:48.262 [info] > git status -z -uall [3ms]
2023-01-12 11:54:48.263 [info] > git for-each-ref --sort -committerdate --format %(refname) %(objectname) %(*objectname) [1ms]
2023-01-12 11:55:43.115 [info] > git config --get commit.template [1ms]
2023-01-12 11:55:43.118 [warning] No remotes found in the git config file.
2023-01-12 11:55:43.119 [info] > git remote --verbose [1ms]
2023-01-12 11:55:43.126 [info] > git status -z -uall [3ms]
2023-01-12 11:55:43.128 [info] > git for-each-ref --sort -committerdate --format %(refname) %(objectname) %(*objectname) [2ms]
2023-01-12 11:56:34.514 [warning] No remotes found in the git config file.
2023-01-12 11:56:34.514 [info] > git config --get commit.template [4ms]
2023-01-12 11:56:34.514 [info] > git remote --verbose [0ms]
2023-01-12 11:56:34.521 [info] > git status -z -uall [3ms]
2023-01-12 11:56:34.522 [info] > git for-each-ref --sort -committerdate --format %(refname) %(objectname) %(*objectname) [1ms]
