2023-01-17 14:03:03.132 [info] Log level: Info
2023-01-17 14:03:03.132 [info] Validating found git in: "git"
2023-01-17 14:03:03.132 [info] Using git "2.30.2" from "git"
2023-01-17 14:03:03.132 [info] > git rev-parse --show-toplevel [63ms]
2023-01-17 14:03:03.132 [info] > git rev-parse --git-dir --git-common-dir [1ms]
2023-01-17 14:03:03.132 [info] Open repository: /home/knykanen/public_html/redirect
2023-01-17 14:03:03.132 [warning] No remotes found in the git config file.
2023-01-17 14:03:03.133 [info] > git config --get commit.template [5ms]
2023-01-17 14:03:03.133 [info] > git remote --verbose [2ms]
2023-01-17 14:03:03.133 [info] > git for-each-ref --sort -committerdate --format %(refname) %(objectname) %(*objectname) [16ms]
2023-01-17 14:03:03.133 [info] > git status -z -uall [24ms]
2023-01-17 14:03:03.133 [info] > git config --get commit.template [1ms]
2023-01-17 14:03:03.133 [warning] No remotes found in the git config file.
2023-01-17 14:03:03.133 [info] > git remote --verbose [2ms]
2023-01-17 14:03:03.133 [info] > git status -z -uall [4ms]
2023-01-17 14:03:03.133 [info] > git for-each-ref --sort -committerdate --format %(refname) %(objectname) %(*objectname) [3ms]
2023-01-17 14:03:03.133 [info] > git show --textconv :styles.css [5ms]
2023-01-17 14:03:03.133 [info] > git ls-files --stage -- /home/knykanen/public_html/redirect/styles.css [2ms]
2023-01-17 14:03:03.141 [info] > git check-ignore -v -z --stdin [1ms]
2023-01-17 14:03:03.142 [info] > git cat-file -s 8cf99ccf7c5b1e8c0881224543d167a8ffcd0a35 [6ms]
2023-01-17 14:03:16.991 [info] > git show --textconv :utils.php [4ms]
2023-01-17 14:03:16.992 [info] > git ls-files --stage -- /home/knykanen/public_html/redirect/utils.php [2ms]
2023-01-17 14:03:17.167 [info] > git check-ignore -v -z --stdin [1ms]
2023-01-17 14:03:17.581 [info] > git config --get commit.template [0ms]
2023-01-17 14:03:17.585 [warning] No remotes found in the git config file.
2023-01-17 14:03:17.586 [info] > git remote --verbose [1ms]
2023-01-17 14:03:17.593 [info] > git status -z -uall [3ms]
2023-01-17 14:03:17.594 [info] > git for-each-ref --sort -committerdate --format %(refname) %(objectname) %(*objectname) [1ms]
2023-01-17 14:05:00.902 [warning] No remotes found in the git config file.
2023-01-17 14:05:00.903 [info] > git config --get commit.template [4ms]
2023-01-17 14:05:00.903 [info] > git remote --verbose [1ms]
2023-01-17 14:05:00.910 [info] > git status -z -uall [4ms]
2023-01-17 14:05:00.910 [info] > git for-each-ref --sort -committerdate --format %(refname) %(objectname) %(*objectname) [2ms]
2023-01-17 14:06:33.111 [warning] No remotes found in the git config file.
2023-01-17 14:06:33.112 [info] > git config --get commit.template [3ms]
2023-01-17 14:06:33.112 [info] > git remote --verbose [1ms]
2023-01-17 14:06:33.118 [info] > git status -z -uall [3ms]
2023-01-17 14:06:33.118 [info] > git for-each-ref --sort -committerdate --format %(refname) %(objectname) %(*objectname) [1ms]
2023-01-17 14:11:14.918 [warning] No remotes found in the git config file.
2023-01-17 14:11:14.918 [info] > git config --get commit.template [4ms]
2023-01-17 14:11:14.919 [info] > git remote --verbose [0ms]
2023-01-17 14:11:14.924 [info] > git status -z -uall [3ms]
2023-01-17 14:11:14.925 [info] > git for-each-ref --sort -committerdate --format %(refname) %(objectname) %(*objectname) [1ms]
2023-01-17 14:11:32.789 [warning] No remotes found in the git config file.
2023-01-17 14:11:32.789 [info] > git config --get commit.template [4ms]
2023-01-17 14:11:32.789 [info] > git remote --verbose [0ms]
2023-01-17 14:11:32.797 [info] > git status -z -uall [5ms]
2023-01-17 14:11:32.797 [info] > git for-each-ref --sort -committerdate --format %(refname) %(objectname) %(*objectname) [1ms]
2023-01-17 14:13:42.690 [warning] No remotes found in the git config file.
2023-01-17 14:13:42.691 [info] > git config --get commit.template [4ms]
2023-01-17 14:13:42.691 [info] > git remote --verbose [1ms]
2023-01-17 14:13:42.697 [info] > git status -z -uall [3ms]
2023-01-17 14:13:42.698 [info] > git for-each-ref --sort -committerdate --format %(refname) %(objectname) %(*objectname) [2ms]
2023-01-17 14:14:30.158 [warning] No remotes found in the git config file.
2023-01-17 14:14:30.159 [info] > git config --get commit.template [4ms]
2023-01-17 14:14:30.159 [info] > git remote --verbose [1ms]
2023-01-17 14:14:30.165 [info] > git status -z -uall [3ms]
2023-01-17 14:14:30.166 [info] > git for-each-ref --sort -committerdate --format %(refname) %(objectname) %(*objectname) [1ms]
2023-01-17 14:15:00.996 [info] > git add -A -- /home/knykanen/public_html/redirect/utils.php [84ms]
2023-01-17 14:15:01.004 [warning] No remotes found in the git config file.
2023-01-17 14:15:01.004 [info] > git config --get commit.template [4ms]
2023-01-17 14:15:01.005 [info] > git remote --verbose [1ms]
2023-01-17 14:15:01.011 [info] > git status -z -uall [3ms]
2023-01-17 14:15:01.012 [info] > git for-each-ref --sort -committerdate --format %(refname) %(objectname) %(*objectname) [2ms]
2023-01-17 14:15:02.032 [warning] No remotes found in the git config file.
2023-01-17 14:15:02.033 [info] > git config --get commit.template [4ms]
2023-01-17 14:15:02.033 [info] > git remote --verbose [1ms]
2023-01-17 14:15:02.039 [info] > git status -z -uall [3ms]
2023-01-17 14:15:02.040 [info] > git for-each-ref --sort -committerdate --format %(refname) %(objectname) %(*objectname) [1ms]
2023-01-17 14:15:02.168 [info] > git ls-files --stage -- /home/knykanen/public_html/redirect/styles.css [3ms]
2023-01-17 14:15:02.172 [info] > git ls-files --stage -- /home/knykanen/public_html/redirect/utils.php [4ms]
2023-01-17 14:15:02.176 [info] > git cat-file -s 8cf99ccf7c5b1e8c0881224543d167a8ffcd0a35 [5ms]
2023-01-17 14:15:02.177 [info] > git cat-file -s 7e36dab149037fc5833ac89bb577d7a658e7d307 [1ms]
2023-01-17 14:15:02.214 [info] > git show --textconv :styles.css [4ms]
2023-01-17 14:15:02.215 [info] > git show --textconv :utils.php [1ms]
2023-01-17 14:15:22.324 [info] > git -c user.useConfigOnly=true commit --quiet --allow-empty-message --file - [177ms]
2023-01-17 14:15:22.328 [info] > git config --get commit.template [0ms]
2023-01-17 14:15:22.334 [warning] No remotes found in the git config file.
2023-01-17 14:15:22.335 [info] > git config --get commit.template [4ms]
2023-01-17 14:15:22.335 [info] > git remote --verbose [1ms]
2023-01-17 14:15:22.341 [info] > git status -z -uall [3ms]
2023-01-17 14:15:22.342 [info] > git for-each-ref --sort -committerdate --format %(refname) %(objectname) %(*objectname) [1ms]
2023-01-17 14:15:22.536 [warning] No remotes found in the git config file.
2023-01-17 14:15:22.537 [info] > git config --get commit.template [4ms]
2023-01-17 14:15:22.537 [info] > git remote --verbose [1ms]
2023-01-17 14:15:22.543 [info] > git status -z -uall [3ms]
2023-01-17 14:15:22.544 [info] > git for-each-ref --sort -committerdate --format %(refname) %(objectname) %(*objectname) [2ms]
2023-01-17 14:15:23.670 [info] > git ls-files --stage -- /home/knykanen/public_html/redirect/styles.css [3ms]
2023-01-17 14:15:23.673 [info] > git ls-files --stage -- /home/knykanen/public_html/redirect/utils.php [4ms]
2023-01-17 14:15:23.676 [info] > git cat-file -s 8cf99ccf7c5b1e8c0881224543d167a8ffcd0a35 [4ms]
2023-01-17 14:15:23.677 [info] > git cat-file -s 7e36dab149037fc5833ac89bb577d7a658e7d307 [2ms]
2023-01-17 14:15:23.715 [info] > git show --textconv :styles.css [3ms]
2023-01-17 14:15:23.715 [info] > git show --textconv :utils.php [1ms]
2023-01-17 14:41:30.235 [info] > git ls-files --stage -- /home/knykanen/public_html/redirect/index.php [1ms]
2023-01-17 14:41:30.241 [info] > git cat-file -s 31267c67c655cc5156f5987cb2e8886ec015e077 [3ms]
2023-01-17 14:41:30.241 [info] > git show --textconv :index.php [10ms]
2023-01-17 14:43:13.004 [warning] No remotes found in the git config file.
2023-01-17 14:43:13.004 [info] > git config --get commit.template [4ms]
2023-01-17 14:43:13.004 [info] > git remote --verbose [1ms]
2023-01-17 14:43:13.010 [info] > git status -z -uall [3ms]
2023-01-17 14:43:13.011 [info] > git for-each-ref --sort -committerdate --format %(refname) %(objectname) %(*objectname) [1ms]
2023-01-17 14:45:35.448 [warning] No remotes found in the git config file.
2023-01-17 14:45:35.449 [info] > git config --get commit.template [4ms]
2023-01-17 14:45:35.449 [info] > git remote --verbose [1ms]
2023-01-17 14:45:35.455 [info] > git status -z -uall [3ms]
2023-01-17 14:45:35.456 [info] > git for-each-ref --sort -committerdate --format %(refname) %(objectname) %(*objectname) [1ms]
2023-01-17 14:51:08.631 [warning] No remotes found in the git config file.
2023-01-17 14:51:08.632 [info] > git config --get commit.template [4ms]
2023-01-17 14:51:08.632 [info] > git remote --verbose [1ms]
2023-01-17 14:51:08.639 [info] > git status -z -uall [4ms]
2023-01-17 14:51:08.640 [info] > git for-each-ref --sort -committerdate --format %(refname) %(objectname) %(*objectname) [2ms]
2023-01-17 14:53:08.707 [warning] No remotes found in the git config file.
2023-01-17 14:53:08.707 [info] > git config --get commit.template [4ms]
2023-01-17 14:53:08.708 [info] > git remote --verbose [1ms]
2023-01-17 14:53:08.715 [info] > git status -z -uall [4ms]
2023-01-17 14:53:08.716 [info] > git for-each-ref --sort -committerdate --format %(refname) %(objectname) %(*objectname) [1ms]
2023-01-17 14:53:31.935 [warning] No remotes found in the git config file.
2023-01-17 14:53:31.936 [info] > git config --get commit.template [4ms]
2023-01-17 14:53:31.936 [info] > git remote --verbose [1ms]
2023-01-17 14:53:31.944 [info] > git status -z -uall [3ms]
2023-01-17 14:53:31.945 [info] > git for-each-ref --sort -committerdate --format %(refname) %(objectname) %(*objectname) [1ms]
2023-01-17 14:57:07.129 [warning] No remotes found in the git config file.
2023-01-17 14:57:07.130 [info] > git config --get commit.template [5ms]
2023-01-17 14:57:07.130 [info] > git remote --verbose [1ms]
2023-01-17 14:57:07.137 [info] > git status -z -uall [4ms]
2023-01-17 14:57:07.137 [info] > git for-each-ref --sort -committerdate --format %(refname) %(objectname) %(*objectname) [1ms]
2023-01-17 14:57:11.333 [info] > git add -A -- /home/knykanen/public_html/redirect/styles.css [20ms]
2023-01-17 14:57:11.339 [info] > git config --get commit.template [1ms]
2023-01-17 14:57:11.343 [warning] No remotes found in the git config file.
2023-01-17 14:57:11.344 [info] > git remote --verbose [1ms]
2023-01-17 14:57:11.351 [info] > git status -z -uall [4ms]
2023-01-17 14:57:11.351 [info] > git for-each-ref --sort -committerdate --format %(refname) %(objectname) %(*objectname) [1ms]
2023-01-17 14:57:12.437 [warning] No remotes found in the git config file.
2023-01-17 14:57:12.437 [info] > git config --get commit.template [4ms]
2023-01-17 14:57:12.438 [info] > git remote --verbose [1ms]
2023-01-17 14:57:12.446 [info] > git status -z -uall [4ms]
2023-01-17 14:57:12.446 [info] > git for-each-ref --sort -committerdate --format %(refname) %(objectname) %(*objectname) [2ms]
2023-01-17 14:57:12.593 [info] > git ls-files --stage -- /home/knykanen/public_html/redirect/utils.php [5ms]
2023-01-17 14:57:12.597 [info] > git ls-files --stage -- /home/knykanen/public_html/redirect/styles.css [11ms]
2023-01-17 14:57:12.600 [info] > git cat-file -s 7e36dab149037fc5833ac89bb577d7a658e7d307 [4ms]
2023-01-17 14:57:12.601 [info] > git ls-files --stage -- /home/knykanen/public_html/redirect/index.php [9ms]
2023-01-17 14:57:12.605 [info] > git cat-file -s 056a236d03a1c1c38496c8ee28a26778664cadfc [5ms]
2023-01-17 14:57:12.606 [info] > git cat-file -s 31267c67c655cc5156f5987cb2e8886ec015e077 [2ms]
2023-01-17 14:57:12.732 [info] > git show --textconv :utils.php [10ms]
2023-01-17 14:57:12.732 [info] > git show --textconv :styles.css [5ms]
2023-01-17 14:57:12.732 [info] > git show --textconv :index.php [2ms]
2023-01-17 14:57:12.954 [info] > git add -A -- /home/knykanen/public_html/redirect/index.php [2ms]
2023-01-17 14:57:12.962 [warning] No remotes found in the git config file.
2023-01-17 14:57:12.962 [info] > git config --get commit.template [4ms]
2023-01-17 14:57:12.963 [info] > git remote --verbose [1ms]
2023-01-17 14:57:12.970 [info] > git status -z -uall [4ms]
2023-01-17 14:57:12.970 [info] > git for-each-ref --sort -committerdate --format %(refname) %(objectname) %(*objectname) [1ms]
2023-01-17 14:57:14.280 [info] > git ls-files --stage -- /home/knykanen/public_html/redirect/utils.php [4ms]
2023-01-17 14:57:14.284 [info] > git ls-files --stage -- /home/knykanen/public_html/redirect/styles.css [11ms]
2023-01-17 14:57:14.289 [info] > git cat-file -s 7e36dab149037fc5833ac89bb577d7a658e7d307 [5ms]
2023-01-17 14:57:14.289 [info] > git ls-files --stage -- /home/knykanen/public_html/redirect/index.php [10ms]
2023-01-17 14:57:14.293 [info] > git cat-file -s 056a236d03a1c1c38496c8ee28a26778664cadfc [6ms]
2023-01-17 14:57:14.294 [info] > git cat-file -s 1e87d2b7e8553c5be6a23a68f30fca06e55ef681 [2ms]
2023-01-17 14:57:14.338 [info] > git show --textconv :utils.php [8ms]
2023-01-17 14:57:14.338 [info] > git show --textconv :styles.css [5ms]
2023-01-17 14:57:14.338 [info] > git show --textconv :index.php [1ms]
2023-01-17 14:57:17.457 [warning] No remotes found in the git config file.
2023-01-17 14:57:17.457 [info] > git config --get commit.template [4ms]
2023-01-17 14:57:17.458 [info] > git remote --verbose [1ms]
2023-01-17 14:57:17.465 [info] > git status -z -uall [4ms]
2023-01-17 14:57:17.466 [info] > git for-each-ref --sort -committerdate --format %(refname) %(objectname) %(*objectname) [2ms]
2023-01-17 14:57:28.239 [info] > git -c user.useConfigOnly=true commit --quiet --allow-empty-message --file - [4ms]
2023-01-17 14:57:28.243 [info] > git config --get commit.template [0ms]
2023-01-17 14:57:28.249 [warning] No remotes found in the git config file.
2023-01-17 14:57:28.250 [info] > git config --get commit.template [4ms]
2023-01-17 14:57:28.250 [info] > git remote --verbose [1ms]
2023-01-17 14:57:28.256 [info] > git status -z -uall [3ms]
2023-01-17 14:57:28.257 [info] > git for-each-ref --sort -committerdate --format %(refname) %(objectname) %(*objectname) [1ms]
2023-01-17 14:57:28.477 [warning] No remotes found in the git config file.
2023-01-17 14:57:28.478 [info] > git config --get commit.template [4ms]
2023-01-17 14:57:28.478 [info] > git remote --verbose [1ms]
2023-01-17 14:57:28.484 [info] > git status -z -uall [3ms]
2023-01-17 14:57:28.485 [info] > git for-each-ref --sort -committerdate --format %(refname) %(objectname) %(*objectname) [1ms]
2023-01-17 14:57:29.523 [info] > git ls-files --stage -- /home/knykanen/public_html/redirect/utils.php [4ms]
2023-01-17 14:57:29.526 [info] > git ls-files --stage -- /home/knykanen/public_html/redirect/styles.css [9ms]
2023-01-17 14:57:29.529 [info] > git cat-file -s 7e36dab149037fc5833ac89bb577d7a658e7d307 [3ms]
2023-01-17 14:57:29.530 [info] > git ls-files --stage -- /home/knykanen/public_html/redirect/index.php [8ms]
2023-01-17 14:57:29.534 [info] > git cat-file -s 056a236d03a1c1c38496c8ee28a26778664cadfc [5ms]
2023-01-17 14:57:29.534 [info] > git cat-file -s 1e87d2b7e8553c5be6a23a68f30fca06e55ef681 [1ms]
2023-01-17 14:57:29.580 [info] > git show --textconv :utils.php [9ms]
2023-01-17 14:57:29.580 [info] > git show --textconv :styles.css [6ms]
2023-01-17 14:57:29.581 [info] > git show --textconv :index.php [2ms]
