2023-01-12 11:28:42.737 [info] Log level: Info
2023-01-12 11:28:42.737 [info] Validating found git in: "git"
2023-01-12 11:28:42.737 [info] Using git "2.30.2" from "git"
2023-01-12 11:28:42.738 [info] > git rev-parse --show-toplevel [91ms]
2023-01-12 11:28:42.738 [info] fatal: not a git repository (or any parent up to mount point /)
Stopping at filesystem boundary (GIT_DISCOVERY_ACROSS_FILESYSTEM not set).
2023-01-12 11:28:42.738 [info] > git rev-parse --show-toplevel [4ms]
2023-01-12 11:28:42.738 [info] fatal: not a git repository (or any parent up to mount point /)
Stopping at filesystem boundary (GIT_DISCOVERY_ACROSS_FILESYSTEM not set).
2023-01-12 11:28:42.900 [info] > git rev-parse --show-toplevel [1ms]
2023-01-12 11:28:42.900 [info] fatal: not a git repository (or any parent up to mount point /)
Stopping at filesystem boundary (GIT_DISCOVERY_ACROSS_FILESYSTEM not set).
2023-01-12 11:28:47.624 [info] > git rev-parse --show-toplevel [1ms]
2023-01-12 11:28:47.624 [info] fatal: not a git repository (or any parent up to mount point /)
Stopping at filesystem boundary (GIT_DISCOVERY_ACROSS_FILESYSTEM not set).
2023-01-12 11:29:00.901 [info] > git rev-parse --show-toplevel [4ms]
2023-01-12 11:29:00.901 [info] fatal: not a git repository (or any parent up to mount point /)
Stopping at filesystem boundary (GIT_DISCOVERY_ACROSS_FILESYSTEM not set).
2023-01-12 11:29:20.774 [info] > git rev-parse --show-toplevel [3ms]
2023-01-12 11:29:20.774 [info] fatal: not a git repository (or any parent up to mount point /)
Stopping at filesystem boundary (GIT_DISCOVERY_ACROSS_FILESYSTEM not set).
