2023-01-19 10:25:51.095 [info] Log level: Info
2023-01-19 10:25:51.095 [info] Validating found git in: "git"
2023-01-19 10:25:51.095 [info] Using git "2.30.2" from "git"
2023-01-19 10:25:51.095 [info] > git rev-parse --show-toplevel [39ms]
2023-01-19 10:25:51.095 [info] fatal: not a git repository (or any parent up to mount point /)
Stopping at filesystem boundary (GIT_DISCOVERY_ACROSS_FILESYSTEM not set).
2023-01-19 10:25:51.095 [info] > git rev-parse --show-toplevel [2ms]
2023-01-19 10:25:51.095 [info] fatal: not a git repository (or any parent up to mount point /)
Stopping at filesystem boundary (GIT_DISCOVERY_ACROSS_FILESYSTEM not set).
2023-01-19 10:25:51.095 [info] > git rev-parse --show-toplevel [1ms]
2023-01-19 10:25:51.095 [info] fatal: not a git repository (or any parent up to mount point /)
Stopping at filesystem boundary (GIT_DISCOVERY_ACROSS_FILESYSTEM not set).
2023-01-19 10:25:51.095 [info] > git rev-parse --show-toplevel [1ms]
2023-01-19 10:25:51.095 [info] fatal: not a git repository (or any parent up to mount point /)
Stopping at filesystem boundary (GIT_DISCOVERY_ACROSS_FILESYSTEM not set).
2023-01-19 10:25:51.328 [info] > git rev-parse --show-toplevel [6ms]
2023-01-19 10:25:51.328 [info] fatal: not a git repository (or any parent up to mount point /)
Stopping at filesystem boundary (GIT_DISCOVERY_ACROSS_FILESYSTEM not set).
2023-01-19 10:25:51.339 [info] > git rev-parse --show-toplevel [1ms]
2023-01-19 10:25:51.339 [info] fatal: not a git repository (or any parent up to mount point /)
Stopping at filesystem boundary (GIT_DISCOVERY_ACROSS_FILESYSTEM not set).
2023-01-19 10:27:18.503 [info] > git rev-parse --show-toplevel [21ms]
2023-01-19 10:27:18.503 [info] fatal: not a git repository (or any parent up to mount point /)
Stopping at filesystem boundary (GIT_DISCOVERY_ACROSS_FILESYSTEM not set).
2023-01-19 10:30:51.216 [info] > git rev-parse --show-toplevel [1ms]
2023-01-19 10:30:51.216 [info] fatal: not a git repository (or any parent up to mount point /)
Stopping at filesystem boundary (GIT_DISCOVERY_ACROSS_FILESYSTEM not set).
2023-01-19 10:32:33.310 [info] > git rev-parse --show-toplevel [1ms]
2023-01-19 10:32:33.310 [info] fatal: not a git repository (or any parent up to mount point /)
Stopping at filesystem boundary (GIT_DISCOVERY_ACROSS_FILESYSTEM not set).
