2023-01-11 11:55:41.066 [info] Log level: Info
2023-01-11 11:55:41.066 [info] Validating found git in: "git"
2023-01-11 11:55:41.066 [info] Using git "2.30.2" from "git"
2023-01-11 11:55:41.066 [info] > git rev-parse --show-toplevel [44ms]
2023-01-11 11:55:41.066 [info] > git rev-parse --git-dir --git-common-dir [1ms]
2023-01-11 11:55:41.066 [info] Open repository: /home/knykanen/public_html/redirect
2023-01-11 11:55:41.066 [info] > git config --get commit.template [2ms]
2023-01-11 11:55:41.066 [warning] No remotes found in the git config file.
2023-01-11 11:55:41.066 [info] > git remote --verbose [1ms]
2023-01-11 11:55:41.066 [info] > git status -z -uall [5ms]
2023-01-11 11:55:41.066 [info] > git for-each-ref --sort -committerdate --format %(refname) %(objectname) %(*objectname) [2ms]
2023-01-11 11:55:41.066 [warning] No remotes found in the git config file.
2023-01-11 11:55:41.067 [info] > git config --get commit.template [5ms]
2023-01-11 11:55:41.067 [info] > git remote --verbose [1ms]
2023-01-11 11:55:41.067 [info] > git status -z -uall [3ms]
2023-01-11 11:55:41.067 [info] > git for-each-ref --sort -committerdate --format %(refname) %(objectname) %(*objectname) [1ms]
2023-01-11 11:55:41.085 [info] > git show --textconv :index.php [9ms]
2023-01-11 11:55:41.086 [info] > git ls-files --stage -- /home/knykanen/public_html/redirect/index.php [2ms]
2023-01-11 11:55:41.095 [info] > git cat-file -s c1faa97379a496fc956c14cea83fdcdfb179e30c [2ms]
2023-01-11 11:55:41.163 [info] > git check-ignore -v -z --stdin [1ms]
2023-01-11 11:55:44.512 [info] > git show --textconv :.htaccess [5ms]
2023-01-11 11:55:44.513 [info] > git ls-files --stage -- /home/knykanen/public_html/redirect/.htaccess [2ms]
2023-01-11 11:55:44.518 [info] > git cat-file -s d3f8f4f9c8167896117f1d07bedec13b016b3ad8 [1ms]
2023-01-11 12:22:13.243 [info] > git add -A -- /home/knykanen/public_html/redirect/index.php [3ms]
2023-01-11 12:22:13.252 [warning] No remotes found in the git config file.
2023-01-11 12:22:13.253 [info] > git config --get commit.template [4ms]
2023-01-11 12:22:13.254 [info] > git remote --verbose [1ms]
2023-01-11 12:22:13.261 [info] > git status -z -uall [4ms]
2023-01-11 12:22:13.262 [info] > git for-each-ref --sort -committerdate --format %(refname) %(objectname) %(*objectname) [2ms]
2023-01-11 12:22:14.337 [warning] No remotes found in the git config file.
2023-01-11 12:22:14.337 [info] > git config --get commit.template [4ms]
2023-01-11 12:22:14.338 [info] > git remote --verbose [1ms]
2023-01-11 12:22:14.345 [info] > git status -z -uall [4ms]
2023-01-11 12:22:14.346 [info] > git for-each-ref --sort -committerdate --format %(refname) %(objectname) %(*objectname) [1ms]
2023-01-11 12:22:14.467 [info] > git ls-files --stage -- /home/knykanen/public_html/redirect/index.php [4ms]
2023-01-11 12:22:14.471 [info] > git ls-files --stage -- /home/knykanen/public_html/redirect/.htaccess [4ms]
2023-01-11 12:22:14.476 [info] > git cat-file -s d3f8f4f9c8167896117f1d07bedec13b016b3ad8 [2ms]
2023-01-11 12:22:14.477 [info] > git cat-file -s 27db88477a662c9a310a24e81ea1b11a7be6efa6 [7ms]
2023-01-11 12:22:14.515 [info] > git show --textconv :.htaccess [4ms]
2023-01-11 12:22:14.515 [info] > git show --textconv :index.php [1ms]
2023-01-11 12:22:17.982 [info] > git -c user.useConfigOnly=true commit --quiet --allow-empty-message --file - [5ms]
2023-01-11 12:22:17.988 [info] > git config --get commit.template [1ms]
2023-01-11 12:22:17.997 [warning] No remotes found in the git config file.
2023-01-11 12:22:17.998 [info] > git config --get commit.template [5ms]
2023-01-11 12:22:17.998 [info] > git remote --verbose [1ms]
2023-01-11 12:22:18.006 [info] > git status -z -uall [5ms]
2023-01-11 12:22:18.007 [info] > git for-each-ref --sort -committerdate --format %(refname) %(objectname) %(*objectname) [2ms]
2023-01-11 12:22:18.100 [info] > git config --get commit.template [1ms]
2023-01-11 12:22:18.103 [warning] No remotes found in the git config file.
2023-01-11 12:22:18.106 [info] > git remote --verbose [3ms]
2023-01-11 12:22:18.113 [info] > git status -z -uall [4ms]
2023-01-11 12:22:18.114 [info] > git for-each-ref --sort -committerdate --format %(refname) %(objectname) %(*objectname) [2ms]
2023-01-11 12:22:19.245 [info] > git ls-files --stage -- /home/knykanen/public_html/redirect/index.php [4ms]
2023-01-11 12:22:19.249 [info] > git ls-files --stage -- /home/knykanen/public_html/redirect/.htaccess [5ms]
2023-01-11 12:22:19.253 [info] > git cat-file -s 27db88477a662c9a310a24e81ea1b11a7be6efa6 [4ms]
2023-01-11 12:22:19.253 [info] > git cat-file -s d3f8f4f9c8167896117f1d07bedec13b016b3ad8 [1ms]
2023-01-11 12:22:19.292 [info] > git show --textconv :index.php [4ms]
2023-01-11 12:22:19.293 [info] > git show --textconv :.htaccess [2ms]
2023-01-11 14:22:24.166 [info] > git show --textconv :funktio.php [6ms]
2023-01-11 14:22:24.166 [info] > git ls-files --stage -- /home/knykanen/public_html/redirect/funktio.php [1ms]
2023-01-11 14:22:24.321 [info] > git check-ignore -v -z --stdin [0ms]
2023-01-11 14:22:24.657 [info] > git config --get commit.template [1ms]
2023-01-11 14:22:24.661 [warning] No remotes found in the git config file.
2023-01-11 14:22:24.662 [info] > git remote --verbose [1ms]
2023-01-11 14:22:24.671 [info] > git status -z -uall [5ms]
2023-01-11 14:22:24.672 [info] > git for-each-ref --sort -committerdate --format %(refname) %(objectname) %(*objectname) [2ms]
2023-01-11 14:29:36.623 [warning] No remotes found in the git config file.
2023-01-11 14:29:36.623 [info] > git config --get commit.template [6ms]
2023-01-11 14:29:36.624 [info] > git remote --verbose [1ms]
2023-01-11 14:29:36.632 [info] > git status -z -uall [4ms]
2023-01-11 14:29:36.633 [info] > git for-each-ref --sort -committerdate --format %(refname) %(objectname) %(*objectname) [1ms]
2023-01-11 14:34:09.895 [warning] No remotes found in the git config file.
2023-01-11 14:34:09.895 [info] > git config --get commit.template [5ms]
2023-01-11 14:34:09.896 [info] > git remote --verbose [1ms]
2023-01-11 14:34:09.904 [info] > git status -z -uall [5ms]
2023-01-11 14:34:09.905 [info] > git for-each-ref --sort -committerdate --format %(refname) %(objectname) %(*objectname) [2ms]
