2023-01-13 10:42:35.246 [info] Log level: Info
2023-01-13 10:42:35.246 [info] Validating found git in: "git"
2023-01-13 10:42:35.246 [info] Using git "2.30.2" from "git"
2023-01-13 10:42:35.246 [info] > git rev-parse --show-toplevel [67ms]
2023-01-13 10:42:35.246 [info] fatal: not a git repository (or any parent up to mount point /)
Stopping at filesystem boundary (GIT_DISCOVERY_ACROSS_FILESYSTEM not set).
2023-01-13 10:42:35.247 [info] > git rev-parse --show-toplevel [1ms]
2023-01-13 10:42:35.247 [info] fatal: not a git repository (or any parent up to mount point /)
Stopping at filesystem boundary (GIT_DISCOVERY_ACROSS_FILESYSTEM not set).
2023-01-13 10:42:35.247 [info] > git rev-parse --show-toplevel [1ms]
2023-01-13 10:42:35.247 [info] fatal: not a git repository (or any parent up to mount point /)
Stopping at filesystem boundary (GIT_DISCOVERY_ACROSS_FILESYSTEM not set).
2023-01-13 10:42:35.247 [info] > git rev-parse --show-toplevel [1ms]
2023-01-13 10:42:35.247 [info] fatal: not a git repository (or any parent up to mount point /)
Stopping at filesystem boundary (GIT_DISCOVERY_ACROSS_FILESYSTEM not set).
2023-01-13 10:42:35.247 [info] > git rev-parse --show-toplevel [1ms]
2023-01-13 10:42:35.247 [info] fatal: not a git repository (or any parent up to mount point /)
Stopping at filesystem boundary (GIT_DISCOVERY_ACROSS_FILESYSTEM not set).
2023-01-13 10:42:35.418 [info] > git rev-parse --show-toplevel [11ms]
2023-01-13 10:42:35.418 [info] fatal: not a git repository (or any parent up to mount point /)
Stopping at filesystem boundary (GIT_DISCOVERY_ACROSS_FILESYSTEM not set).
2023-01-13 10:42:35.432 [info] > git rev-parse --show-toplevel [1ms]
2023-01-13 10:42:35.432 [info] fatal: not a git repository (or any parent up to mount point /)
Stopping at filesystem boundary (GIT_DISCOVERY_ACROSS_FILESYSTEM not set).
2023-01-13 10:42:43.050 [info] > git rev-parse --show-toplevel [15ms]
2023-01-13 10:42:43.050 [info] fatal: not a git repository (or any parent up to mount point /)
Stopping at filesystem boundary (GIT_DISCOVERY_ACROSS_FILESYSTEM not set).
2023-01-13 10:44:21.169 [info] > git rev-parse --show-toplevel [5ms]
2023-01-13 10:44:21.169 [info] fatal: not a git repository (or any parent up to mount point /)
Stopping at filesystem boundary (GIT_DISCOVERY_ACROSS_FILESYSTEM not set).
2023-01-13 10:45:25.800 [info] > git rev-parse --show-toplevel [5ms]
2023-01-13 10:45:25.800 [info] fatal: not a git repository (or any parent up to mount point /)
Stopping at filesystem boundary (GIT_DISCOVERY_ACROSS_FILESYSTEM not set).
