2023-01-12 10:25:50.669 [info] Log level: Info
2023-01-12 10:25:50.669 [info] Validating found git in: "git"
2023-01-12 10:25:50.669 [info] Using git "2.30.2" from "git"
2023-01-12 10:25:50.669 [info] > git rev-parse --show-toplevel [560ms]
2023-01-12 10:25:50.669 [info] > git rev-parse --git-dir --git-common-dir [2ms]
2023-01-12 10:25:50.669 [info] Open repository: /home/knykanen/public_html/redirect
2023-01-12 10:25:50.669 [info] > git config --get commit.template [2ms]
2023-01-12 10:25:50.669 [warning] No remotes found in the git config file.
2023-01-12 10:25:50.669 [info] > git remote --verbose [1ms]
2023-01-12 10:25:50.669 [info] > git for-each-ref --sort -committerdate --format %(refname) %(objectname) %(*objectname) [2ms]
2023-01-12 10:25:50.669 [info] > git status -z -uall [25ms]
2023-01-12 10:25:50.669 [warning] No remotes found in the git config file.
2023-01-12 10:25:50.669 [info] > git config --get commit.template [5ms]
2023-01-12 10:25:50.669 [info] > git remote --verbose [2ms]
2023-01-12 10:25:50.670 [info] > git status -z -uall [3ms]
2023-01-12 10:25:50.670 [info] > git for-each-ref --sort -committerdate --format %(refname) %(objectname) %(*objectname) [43ms]
2023-01-12 10:25:51.174 [info] > git check-ignore -v -z --stdin [2ms]
2023-01-12 10:25:51.877 [info] > git show --textconv :funktio.php [5ms]
2023-01-12 10:25:51.878 [info] > git ls-files --stage -- /home/knykanen/public_html/redirect/funktio.php [2ms]
2023-01-12 10:27:39.385 [info] > git config --get commit.template [1ms]
2023-01-12 10:27:39.389 [warning] No remotes found in the git config file.
2023-01-12 10:27:39.390 [info] > git remote --verbose [1ms]
2023-01-12 10:27:39.397 [info] > git status -z -uall [4ms]
2023-01-12 10:27:39.398 [info] > git for-each-ref --sort -committerdate --format %(refname) %(objectname) %(*objectname) [2ms]
2023-01-12 10:31:48.799 [warning] No remotes found in the git config file.
2023-01-12 10:31:48.800 [info] > git config --get commit.template [4ms]
2023-01-12 10:31:48.800 [info] > git remote --verbose [2ms]
2023-01-12 10:31:48.807 [info] > git status -z -uall [4ms]
2023-01-12 10:31:48.808 [info] > git for-each-ref --sort -committerdate --format %(refname) %(objectname) %(*objectname) [1ms]
2023-01-12 10:32:20.697 [warning] No remotes found in the git config file.
2023-01-12 10:32:20.698 [info] > git config --get commit.template [5ms]
2023-01-12 10:32:20.699 [info] > git remote --verbose [2ms]
2023-01-12 10:32:20.705 [info] > git status -z -uall [3ms]
2023-01-12 10:32:20.706 [info] > git for-each-ref --sort -committerdate --format %(refname) %(objectname) %(*objectname) [1ms]
2023-01-12 10:35:16.073 [info] > git config --get commit.template [1ms]
2023-01-12 10:35:16.076 [warning] No remotes found in the git config file.
2023-01-12 10:35:16.077 [info] > git remote --verbose [1ms]
2023-01-12 10:35:16.083 [info] > git status -z -uall [3ms]
2023-01-12 10:35:16.084 [info] > git for-each-ref --sort -committerdate --format %(refname) %(objectname) %(*objectname) [2ms]
2023-01-12 10:36:13.813 [warning] No remotes found in the git config file.
2023-01-12 10:36:13.813 [info] > git config --get commit.template [4ms]
2023-01-12 10:36:13.814 [info] > git remote --verbose [1ms]
2023-01-12 10:36:13.820 [info] > git status -z -uall [3ms]
2023-01-12 10:36:13.821 [info] > git for-each-ref --sort -committerdate --format %(refname) %(objectname) %(*objectname) [1ms]
2023-01-12 10:42:43.988 [info] > git ls-files --stage -- /home/knykanen/public_html/redirect/index.php [1ms]
2023-01-12 10:42:44.006 [info] > git cat-file -s 27db88477a662c9a310a24e81ea1b11a7be6efa6 [15ms]
2023-01-12 10:42:44.007 [info] > git show --textconv :index.php [23ms]
2023-01-12 10:48:48.346 [warning] No remotes found in the git config file.
2023-01-12 10:48:48.346 [info] > git config --get commit.template [5ms]
2023-01-12 10:48:48.346 [info] > git remote --verbose [1ms]
2023-01-12 10:48:48.356 [info] > git status -z -uall [4ms]
2023-01-12 10:48:48.357 [info] > git for-each-ref --sort -committerdate --format %(refname) %(objectname) %(*objectname) [2ms]
2023-01-12 10:49:10.361 [warning] No remotes found in the git config file.
2023-01-12 10:49:10.362 [info] > git config --get commit.template [4ms]
2023-01-12 10:49:10.363 [info] > git remote --verbose [2ms]
2023-01-12 10:49:10.369 [info] > git status -z -uall [4ms]
2023-01-12 10:49:10.369 [info] > git for-each-ref --sort -committerdate --format %(refname) %(objectname) %(*objectname) [1ms]
2023-01-12 10:49:58.827 [info] > git show --textconv :test.php [4ms]
2023-01-12 10:49:58.828 [info] > git ls-files --stage -- /home/knykanen/public_html/redirect/test.php [2ms]
2023-01-12 10:49:58.986 [info] > git check-ignore -v -z --stdin [1ms]
2023-01-12 10:49:59.335 [warning] No remotes found in the git config file.
2023-01-12 10:49:59.336 [info] > git config --get commit.template [4ms]
2023-01-12 10:49:59.336 [info] > git remote --verbose [1ms]
2023-01-12 10:49:59.343 [info] > git status -z -uall [4ms]
2023-01-12 10:49:59.344 [info] > git for-each-ref --sort -committerdate --format %(refname) %(objectname) %(*objectname) [2ms]
2023-01-12 10:51:13.083 [warning] No remotes found in the git config file.
2023-01-12 10:51:13.083 [info] > git config --get commit.template [4ms]
2023-01-12 10:51:13.083 [info] > git remote --verbose [0ms]
2023-01-12 10:51:13.090 [info] > git status -z -uall [4ms]
2023-01-12 10:51:13.091 [info] > git for-each-ref --sort -committerdate --format %(refname) %(objectname) %(*objectname) [2ms]
2023-01-12 10:52:52.298 [warning] No remotes found in the git config file.
2023-01-12 10:52:52.299 [info] > git config --get commit.template [4ms]
2023-01-12 10:52:52.299 [info] > git remote --verbose [1ms]
2023-01-12 10:52:52.305 [info] > git status -z -uall [3ms]
2023-01-12 10:52:52.306 [info] > git for-each-ref --sort -committerdate --format %(refname) %(objectname) %(*objectname) [1ms]
2023-01-12 10:53:04.361 [warning] No remotes found in the git config file.
2023-01-12 10:53:04.362 [info] > git config --get commit.template [4ms]
2023-01-12 10:53:04.362 [info] > git remote --verbose [1ms]
2023-01-12 10:53:04.368 [info] > git status -z -uall [3ms]
2023-01-12 10:53:04.369 [info] > git for-each-ref --sort -committerdate --format %(refname) %(objectname) %(*objectname) [1ms]
2023-01-12 10:53:33.896 [info] > git config --get commit.template [1ms]
2023-01-12 10:53:33.899 [warning] No remotes found in the git config file.
2023-01-12 10:53:33.900 [info] > git remote --verbose [1ms]
2023-01-12 10:53:33.907 [info] > git status -z -uall [3ms]
2023-01-12 10:53:33.908 [info] > git for-each-ref --sort -committerdate --format %(refname) %(objectname) %(*objectname) [1ms]
2023-01-12 10:54:46.420 [warning] No remotes found in the git config file.
2023-01-12 10:54:46.420 [info] > git config --get commit.template [4ms]
2023-01-12 10:54:46.420 [info] > git remote --verbose [0ms]
2023-01-12 10:54:46.427 [info] > git status -z -uall [3ms]
2023-01-12 10:54:46.428 [info] > git for-each-ref --sort -committerdate --format %(refname) %(objectname) %(*objectname) [2ms]
2023-01-12 10:55:21.269 [warning] No remotes found in the git config file.
2023-01-12 10:55:21.269 [info] > git config --get commit.template [4ms]
2023-01-12 10:55:21.270 [info] > git remote --verbose [1ms]
2023-01-12 10:55:21.277 [info] > git status -z -uall [4ms]
2023-01-12 10:55:21.277 [info] > git for-each-ref --sort -committerdate --format %(refname) %(objectname) %(*objectname) [1ms]
2023-01-12 10:58:27.439 [info] > git config --get commit.template [17ms]
2023-01-12 10:58:27.460 [warning] No remotes found in the git config file.
2023-01-12 10:58:27.461 [info] > git remote --verbose [1ms]
2023-01-12 10:58:27.468 [info] > git status -z -uall [3ms]
2023-01-12 10:58:27.469 [info] > git for-each-ref --sort -committerdate --format %(refname) %(objectname) %(*objectname) [1ms]
2023-01-12 11:17:38.140 [info] > git add -A -- /home/knykanen/public_html/redirect/index.php [2ms]
2023-01-12 11:17:38.148 [warning] No remotes found in the git config file.
2023-01-12 11:17:38.149 [info] > git config --get commit.template [4ms]
2023-01-12 11:17:38.149 [info] > git remote --verbose [1ms]
2023-01-12 11:17:38.156 [info] > git status -z -uall [4ms]
2023-01-12 11:17:38.156 [info] > git for-each-ref --sort -committerdate --format %(refname) %(objectname) %(*objectname) [1ms]
2023-01-12 11:17:39.239 [warning] No remotes found in the git config file.
2023-01-12 11:17:39.240 [info] > git config --get commit.template [3ms]
2023-01-12 11:17:39.313 [info] > git remote --verbose [74ms]
2023-01-12 11:17:39.320 [info] > git status -z -uall [4ms]
2023-01-12 11:17:39.320 [info] > git for-each-ref --sort -committerdate --format %(refname) %(objectname) %(*objectname) [1ms]
2023-01-12 11:17:39.376 [info] > git ls-files --stage -- /home/knykanen/public_html/redirect/test.php [1ms]
2023-01-12 11:17:39.377 [info] > git ls-files --stage -- /home/knykanen/public_html/redirect/index.php [5ms]
2023-01-12 11:17:39.380 [info] > git ls-files --stage -- /home/knykanen/public_html/redirect/funktio.php [11ms]
2023-01-12 11:17:39.381 [info] > git cat-file -s 022c7f72e08a12e34e42fc56248dade93a540ea4 [1ms]
2023-01-12 11:17:39.424 [info] > git show --textconv :test.php [4ms]
2023-01-12 11:17:39.424 [info] > git show --textconv :funktio.php [1ms]
2023-01-12 11:17:39.430 [info] > git show --textconv :index.php [1ms]
2023-01-12 11:17:40.681 [info] > git add -A -- /home/knykanen/public_html/redirect/test.php [1ms]
2023-01-12 11:17:40.690 [warning] No remotes found in the git config file.
2023-01-12 11:17:40.690 [info] > git config --get commit.template [4ms]
2023-01-12 11:17:40.690 [info] > git remote --verbose [0ms]
2023-01-12 11:17:40.701 [info] > git status -z -uall [4ms]
2023-01-12 11:17:40.702 [info] > git for-each-ref --sort -committerdate --format %(refname) %(objectname) %(*objectname) [2ms]
2023-01-12 11:17:41.923 [info] > git ls-files --stage -- /home/knykanen/public_html/redirect/index.php [4ms]
2023-01-12 11:17:41.927 [info] > git ls-files --stage -- /home/knykanen/public_html/redirect/funktio.php [10ms]
2023-01-12 11:17:41.928 [info] > git cat-file -s 022c7f72e08a12e34e42fc56248dade93a540ea4 [1ms]
2023-01-12 11:17:41.928 [info] > git ls-files --stage -- /home/knykanen/public_html/redirect/test.php [6ms]
2023-01-12 11:17:41.932 [info] > git cat-file -s c7cb377ab8a38ea51916c454531d35a04f0675a3 [1ms]
2023-01-12 11:17:41.943 [info] > git add -A -- /home/knykanen/public_html/redirect/funktio.php [1ms]
2023-01-12 11:17:41.951 [warning] No remotes found in the git config file.
2023-01-12 11:17:41.952 [info] > git config --get commit.template [4ms]
2023-01-12 11:17:41.952 [info] > git remote --verbose [1ms]
2023-01-12 11:17:41.959 [info] > git status -z -uall [3ms]
2023-01-12 11:17:41.960 [info] > git for-each-ref --sort -committerdate --format %(refname) %(objectname) %(*objectname) [1ms]
2023-01-12 11:17:41.974 [info] > git show --textconv :funktio.php [8ms]
2023-01-12 11:17:41.974 [info] > git show --textconv :index.php [4ms]
2023-01-12 11:17:41.974 [info] > git show --textconv :test.php [1ms]
2023-01-12 11:17:43.245 [info] > git ls-files --stage -- /home/knykanen/public_html/redirect/test.php [2ms]
2023-01-12 11:17:43.249 [info] > git ls-files --stage -- /home/knykanen/public_html/redirect/index.php [8ms]
2023-01-12 11:17:43.252 [info] > git ls-files --stage -- /home/knykanen/public_html/redirect/funktio.php [16ms]
2023-01-12 11:17:43.256 [info] > git cat-file -s 022c7f72e08a12e34e42fc56248dade93a540ea4 [3ms]
2023-01-12 11:17:43.256 [info] > git cat-file -s c7cb377ab8a38ea51916c454531d35a04f0675a3 [8ms]
2023-01-12 11:17:43.257 [info] > git cat-file -s a2ff897b6af1cf89167da839c163152d513036da [1ms]
2023-01-12 11:17:43.297 [info] > git show --textconv :index.php [4ms]
2023-01-12 11:17:43.298 [info] > git show --textconv :test.php [2ms]
2023-01-12 11:17:43.303 [info] > git show --textconv :funktio.php [1ms]
2023-01-12 11:17:44.330 [warning] No remotes found in the git config file.
2023-01-12 11:17:44.398 [info] > git config --get commit.template [72ms]
2023-01-12 11:17:44.398 [info] > git remote --verbose [68ms]
2023-01-12 11:17:44.406 [info] > git status -z -uall [5ms]
2023-01-12 11:17:44.407 [info] > git for-each-ref --sort -committerdate --format %(refname) %(objectname) %(*objectname) [3ms]
2023-01-12 11:19:47.810 [info] > git -c user.useConfigOnly=true commit --quiet --allow-empty-message --file - [5ms]
2023-01-12 11:19:47.814 [info] > git config --get commit.template [1ms]
2023-01-12 11:19:47.823 [warning] No remotes found in the git config file.
2023-01-12 11:19:47.823 [info] > git config --get commit.template [4ms]
2023-01-12 11:19:47.823 [info] > git remote --verbose [1ms]
2023-01-12 11:19:47.830 [info] > git status -z -uall [4ms]
2023-01-12 11:19:47.831 [info] > git for-each-ref --sort -committerdate --format %(refname) %(objectname) %(*objectname) [1ms]
2023-01-12 11:19:48.062 [warning] No remotes found in the git config file.
2023-01-12 11:19:48.062 [info] > git remote --verbose [1ms]
2023-01-12 11:19:48.062 [info] > git config --get commit.template [5ms]
2023-01-12 11:19:48.069 [info] > git status -z -uall [4ms]
2023-01-12 11:19:48.069 [info] > git for-each-ref --sort -committerdate --format %(refname) %(objectname) %(*objectname) [1ms]
2023-01-12 11:19:49.095 [info] > git ls-files --stage -- /home/knykanen/public_html/redirect/index.php [4ms]
2023-01-12 11:19:49.098 [info] > git ls-files --stage -- /home/knykanen/public_html/redirect/funktio.php [10ms]
2023-01-12 11:19:49.102 [info] > git cat-file -s 022c7f72e08a12e34e42fc56248dade93a540ea4 [4ms]
2023-01-12 11:19:49.102 [info] > git ls-files --stage -- /home/knykanen/public_html/redirect/test.php [8ms]
2023-01-12 11:19:49.106 [info] > git cat-file -s a2ff897b6af1cf89167da839c163152d513036da [5ms]
2023-01-12 11:19:49.106 [info] > git cat-file -s c7cb377ab8a38ea51916c454531d35a04f0675a3 [1ms]
2023-01-12 11:19:49.146 [info] > git show --textconv :index.php [4ms]
2023-01-12 11:19:49.150 [info] > git show --textconv :funktio.php [4ms]
2023-01-12 11:19:49.151 [info] > git show --textconv :test.php [1ms]
