2023-01-12 14:11:37.561 [info] Log level: Info
2023-01-12 14:11:37.561 [info] Validating found git in: "git"
2023-01-12 14:11:37.561 [info] Using git "2.30.2" from "git"
2023-01-12 14:11:37.561 [info] > git rev-parse --show-toplevel [74ms]
2023-01-12 14:11:37.561 [info] > git rev-parse --git-dir --git-common-dir [2ms]
2023-01-12 14:11:37.561 [info] Open repository: /home/knykanen/public_html/redirect
2023-01-12 14:11:37.561 [info] > git config --get commit.template [18ms]
2023-01-12 14:11:37.561 [warning] No remotes found in the git config file.
2023-01-12 14:11:37.561 [info] > git remote --verbose [3ms]
2023-01-12 14:11:37.561 [info] > git status -z -uall [6ms]
2023-01-12 14:11:37.561 [info] > git for-each-ref --sort -committerdate --format %(refname) %(objectname) %(*objectname) [4ms]
2023-01-12 14:11:37.561 [info] > git config --get commit.template [34ms]
2023-01-12 14:11:37.561 [warning] No remotes found in the git config file.
2023-01-12 14:11:37.561 [info] > git remote --verbose [3ms]
2023-01-12 14:11:37.561 [info] > git status -z -uall [6ms]
2023-01-12 14:11:37.561 [info] > git for-each-ref --sort -committerdate --format %(refname) %(objectname) %(*objectname) [2ms]
2023-01-12 14:11:37.846 [info] > git show --textconv :lomake.html [5ms]
2023-01-12 14:11:37.848 [info] > git ls-files --stage -- /home/knykanen/public_html/redirect/lomake.html [2ms]
2023-01-12 14:11:37.878 [info] > git check-ignore -v -z --stdin [2ms]
2023-01-12 14:11:42.361 [info] > git config --get commit.template [2ms]
2023-01-12 14:11:42.365 [warning] No remotes found in the git config file.
2023-01-12 14:11:42.366 [info] > git remote --verbose [1ms]
2023-01-12 14:11:42.380 [info] > git status -z -uall [11ms]
2023-01-12 14:11:42.381 [info] > git for-each-ref --sort -committerdate --format %(refname) %(objectname) %(*objectname) [8ms]
2023-01-12 14:12:21.194 [info] > git show --textconv :kigestyle.css [5ms]
2023-01-12 14:12:21.196 [info] > git ls-files --stage -- /home/knykanen/public_html/redirect/kigestyle.css [3ms]
2023-01-12 14:12:21.342 [info] > git check-ignore -v -z --stdin [3ms]
2023-01-12 14:12:21.669 [warning] No remotes found in the git config file.
2023-01-12 14:12:21.670 [info] > git config --get commit.template [4ms]
2023-01-12 14:12:21.670 [info] > git remote --verbose [1ms]
2023-01-12 14:12:21.677 [info] > git status -z -uall [3ms]
2023-01-12 14:12:21.678 [info] > git for-each-ref --sort -committerdate --format %(refname) %(objectname) %(*objectname) [1ms]
2023-01-12 14:12:26.686 [info] > git config --get commit.template [1ms]
2023-01-12 14:12:26.689 [warning] No remotes found in the git config file.
2023-01-12 14:12:26.689 [info] > git remote --verbose [1ms]
2023-01-12 14:12:26.697 [info] > git status -z -uall [4ms]
2023-01-12 14:12:26.697 [info] > git for-each-ref --sort -committerdate --format %(refname) %(objectname) %(*objectname) [1ms]
