2023-01-12 14:13:29.984 [info] Log level: Info
2023-01-12 14:13:29.984 [info] Validating found git in: "git"
2023-01-12 14:13:29.984 [info] Using git "2.30.2" from "git"
2023-01-12 14:13:29.984 [info] > git rev-parse --show-toplevel [42ms]
2023-01-12 14:13:29.984 [info] fatal: not a git repository (or any parent up to mount point /)
Stopping at filesystem boundary (GIT_DISCOVERY_ACROSS_FILESYSTEM not set).
2023-01-12 14:13:29.984 [info] > git rev-parse --show-toplevel [1ms]
2023-01-12 14:13:29.984 [info] fatal: not a git repository (or any parent up to mount point /)
Stopping at filesystem boundary (GIT_DISCOVERY_ACROSS_FILESYSTEM not set).
2023-01-12 14:13:30.459 [info] > git rev-parse --show-toplevel [1ms]
2023-01-12 14:13:30.459 [info] fatal: not a git repository (or any parent up to mount point /)
Stopping at filesystem boundary (GIT_DISCOVERY_ACROSS_FILESYSTEM not set).
2023-01-12 14:13:30.483 [info] > git rev-parse --show-toplevel [2ms]
2023-01-12 14:13:30.483 [info] fatal: not a git repository (or any parent up to mount point /)
Stopping at filesystem boundary (GIT_DISCOVERY_ACROSS_FILESYSTEM not set).
2023-01-12 14:13:30.498 [info] > git rev-parse --show-toplevel [12ms]
2023-01-12 14:13:30.498 [info] fatal: not a git repository (or any parent up to mount point /)
Stopping at filesystem boundary (GIT_DISCOVERY_ACROSS_FILESYSTEM not set).
2023-01-12 14:13:32.072 [info] > git rev-parse --show-toplevel [34ms]
2023-01-12 14:13:32.072 [info] fatal: not a git repository (or any parent up to mount point /)
Stopping at filesystem boundary (GIT_DISCOVERY_ACROSS_FILESYSTEM not set).
