2023-01-11 09:55:37.638 [info] Log level: Info
2023-01-11 09:55:37.638 [info] Validating found git in: "git"
2023-01-11 09:55:37.638 [info] Using git "2.30.2" from "git"
2023-01-11 09:55:37.638 [info] > git rev-parse --show-toplevel [47ms]
2023-01-11 09:55:37.638 [info] fatal: not a git repository (or any parent up to mount point /)
Stopping at filesystem boundary (GIT_DISCOVERY_ACROSS_FILESYSTEM not set).
2023-01-11 09:55:37.638 [info] > git rev-parse --show-toplevel [1ms]
2023-01-11 09:55:37.638 [info] fatal: not a git repository (or any parent up to mount point /)
Stopping at filesystem boundary (GIT_DISCOVERY_ACROSS_FILESYSTEM not set).
2023-01-11 09:55:37.638 [info] > git rev-parse --show-toplevel [1ms]
2023-01-11 09:55:37.638 [info] fatal: not a git repository (or any parent up to mount point /)
Stopping at filesystem boundary (GIT_DISCOVERY_ACROSS_FILESYSTEM not set).
2023-01-11 09:55:37.801 [info] > git rev-parse --show-toplevel [14ms]
2023-01-11 09:55:37.801 [info] fatal: not a git repository (or any parent up to mount point /)
Stopping at filesystem boundary (GIT_DISCOVERY_ACROSS_FILESYSTEM not set).
2023-01-11 09:55:37.823 [info] > git rev-parse --show-toplevel [6ms]
2023-01-11 09:55:37.823 [info] fatal: not a git repository (or any parent up to mount point /)
Stopping at filesystem boundary (GIT_DISCOVERY_ACROSS_FILESYSTEM not set).
2023-01-11 09:55:37.837 [info] > git rev-parse --show-toplevel [10ms]
2023-01-11 09:55:37.837 [info] fatal: not a git repository (or any parent up to mount point /)
Stopping at filesystem boundary (GIT_DISCOVERY_ACROSS_FILESYSTEM not set).
