*
* Visual Studio Code Server
*
* By using the software, you agree to
* the Visual Studio Code Server License Terms (https://aka.ms/vscode-server-license) and
* the Microsoft Privacy Statement (https://privacy.microsoft.com/en-US/privacystatement).
*
Server bound to 127.0.0.1:33253 (IPv4)
Extension host agent listening on 33253

[19:39:22] Extension host agent started.
[19:39:23] [127.0.0.1][9b9b52fe][ManagementConnection] New connection established.
[19:39:23] [127.0.0.1][c525ab1b][ExtensionHostConnection] New connection established.
[19:39:23] [127.0.0.1][c525ab1b][ExtensionHostConnection] <3812663> Launched Extension Host Process.
[IPC Library: Pty Host]  WARN Shell integration cannot be enabled for executable "/bin/sh" and args [
  '-c',
  'wget --version > /dev/null\n' +
    'if [ $? -eq 0 ]\n' +
    'then\n' +
    "\twget --connect-timeout=7 --tries=1 --dns-timeout=7 -q --header='Metadata:true' -O - http://169.254.169.254/metadata/instance?api-version=2019-03-11\n" +
    'else\n' +
    '\tcurl --version > /dev/null\n' +
    '\tif [ $? -eq 0 ]\n' +
    '\tthen\n' +
    "\t\tcurl --connect-timeout 7 -s --header='Metadata:true' http://169.254.169.254/metadata/instance?api-version=2019-03-11\n" +
    '\tfi\n' +
    'fi\n' +
    'exit 0'
]
[IPC Library: Pty Host]  WARN Shell integration cannot be enabled for executable "/bin/sh" and args [
  '-c',
  'wget --version > /dev/null\n' +
    'if [ $? -eq 0 ]\n' +
    'then\n' +
    '\twget --connect-timeout=7 --tries=1 --dns-timeout=7 -q  -O - http://169.254.169.254/latest/meta-data/instance-id\n' +
    'else\n' +
    '\tcurl --version > /dev/null\n' +
    '\tif [ $? -eq 0 ]\n' +
    '\tthen\n' +
    '\t\tcurl --connect-timeout 7 -s  http://169.254.169.254/latest/meta-data/instance-id\n' +
    '\tfi\n' +
    'fi\n' +
    'exit 0'
]
[IPC Library: Pty Host]  WARN Shell integration cannot be enabled for executable "/bin/sh" and args [
  '-c',
  'wget --version > /dev/null\n' +
    'if [ $? -eq 0 ]\n' +
    'then\n' +
    '\twget --connect-timeout=7 --tries=1 --dns-timeout=7 -q  -O - http://169.254.169.254/metadata/v1/id\n' +
    'else\n' +
    '\tcurl --version > /dev/null\n' +
    '\tif [ $? -eq 0 ]\n' +
    '\tthen\n' +
    '\t\tcurl --connect-timeout 7 -s  http://169.254.169.254/metadata/v1/id\n' +
    '\tfi\n' +
    'fi\n' +
    'exit 0'
]
[IPC Library: Pty Host]  WARN Shell integration cannot be enabled for executable "/bin/sh" and args [
  '-c',
  'wget --version > /dev/null\n' +
    'if [ $? -eq 0 ]\n' +
    'then\n' +
    "\twget --connect-timeout=7 --tries=1 --dns-timeout=7 -q --header='Metadata-Flavor:Google' -O - http://metadata.google.internal/computeMetadata/v1/instance/id\n" +
    'else\n' +
    '\tcurl --version > /dev/null\n' +
    '\tif [ $? -eq 0 ]\n' +
    '\tthen\n' +
    "\t\tcurl --connect-timeout 7 -s --header='Metadata-Flavor:Google' http://metadata.google.internal/computeMetadata/v1/instance/id\n" +
    '\tfi\n' +
    'fi\n' +
    'exit 0'
]
[19:39:32] [127.0.0.1][9b9b52fe][ManagementConnection] The client has disconnected gracefully, so the connection will be disposed.
[19:39:32] [127.0.0.1][c525ab1b][ExtensionHostConnection] <3812663> Extension Host Process exited with code: 0, signal: null.
Last EH closed, waiting before shutting down
[19:39:32] Last EH closed, waiting before shutting down
Got delay-shutdown request while in shutdown timeout, delaying
[19:39:39] Got delay-shutdown request while in shutdown timeout, delaying
Cancelling previous shutdown timeout
[19:39:39] Cancelling previous shutdown timeout
[19:39:39] [127.0.0.1][b18ae031][ManagementConnection] New connection established.
[19:39:39] [127.0.0.1][149c0ae0][ExtensionHostConnection] New connection established.
[19:39:39] [127.0.0.1][149c0ae0][ExtensionHostConnection] <3812784> Launched Extension Host Process.
rejected promise not handled within 1 second: CodeExpectedError: Could not find pty on pty host
stack trace: CodeExpectedError: Could not find pty on pty host,    at a._throwIfNoPty (/home/knykanen/.vscode-server/bin/d045a5eda657f4d7b676dedbfa7aab8207f8a075/out/vs/platform/terminal/node/ptyHostMain.js:27:7252),    at a.updateTitle (/home/knykanen/.vscode-server/bin/d045a5eda657f4d7b676dedbfa7aab8207f8a075/out/vs/platform/terminal/node/ptyHostMain.js:27:2984),    at Object.call (/home/knykanen/.vscode-server/bin/d045a5eda657f4d7b676dedbfa7aab8207f8a075/out/vs/platform/terminal/node/ptyHostMain.js:16:8386),    at c.onPromise (/home/knykanen/.vscode-server/bin/d045a5eda657f4d7b676dedbfa7aab8207f8a075/out/vs/platform/terminal/node/ptyHostMain.js:15:5833),    at c.onRawMessage (/home/knykanen/.vscode-server/bin/d045a5eda657f4d7b676dedbfa7aab8207f8a075/out/vs/platform/terminal/node/ptyHostMain.js:15:5216),    at /home/knykanen/.vscode-server/bin/d045a5eda657f4d7b676dedbfa7aab8207f8a075/out/vs/platform/terminal/node/ptyHostMain.js:15:4502,    at m.invoke (/home/knykanen/.vscode-server/bin/d045a5eda657f4d7b676dedbfa7aab8207f8a075/out/vs/platform/terminal/node/ptyHostMain.js:11:145),    at D.deliver (/home/knykanen/.vscode-server/bin/d045a5eda657f4d7b676dedbfa7aab8207f8a075/out/vs/platform/terminal/node/ptyHostMain.js:11:2275),    at O.fire (/home/knykanen/.vscode-server/bin/d045a5eda657f4d7b676dedbfa7aab8207f8a075/out/vs/platform/terminal/node/ptyHostMain.js:11:1853),    at process.X (/home/knykanen/.vscode-server/bin/d045a5eda657f4d7b676dedbfa7aab8207f8a075/out/vs/platform/terminal/node/ptyHostMain.js:9:20837),    at process.emit (node:events:526:28),    at emit (node:internal/child_process:938:14),    at processTicksAndRejections (node:internal/process/task_queues:84:21)
[19:39:42] [Error [CodeExpectedError]: Could not find pty on pty host,    at a._throwIfNoPty (/home/knykanen/.vscode-server/bin/d045a5eda657f4d7b676dedbfa7aab8207f8a075/out/vs/platform/terminal/node/ptyHostMain.js:27:7252),    at a.updateTitle (/home/knykanen/.vscode-server/bin/d045a5eda657f4d7b676dedbfa7aab8207f8a075/out/vs/platform/terminal/node/ptyHostMain.js:27:2984),    at Object.call (/home/knykanen/.vscode-server/bin/d045a5eda657f4d7b676dedbfa7aab8207f8a075/out/vs/platform/terminal/node/ptyHostMain.js:16:8386),    at c.onPromise (/home/knykanen/.vscode-server/bin/d045a5eda657f4d7b676dedbfa7aab8207f8a075/out/vs/platform/terminal/node/ptyHostMain.js:15:5833),    at c.onRawMessage (/home/knykanen/.vscode-server/bin/d045a5eda657f4d7b676dedbfa7aab8207f8a075/out/vs/platform/terminal/node/ptyHostMain.js:15:5216),    at /home/knykanen/.vscode-server/bin/d045a5eda657f4d7b676dedbfa7aab8207f8a075/out/vs/platform/terminal/node/ptyHostMain.js:15:4502,    at m.invoke (/home/knykanen/.vscode-server/bin/d045a5eda657f4d7b676dedbfa7aab8207f8a075/out/vs/platform/terminal/node/ptyHostMain.js:11:145),    at D.deliver (/home/knykanen/.vscode-server/bin/d045a5eda657f4d7b676dedbfa7aab8207f8a075/out/vs/platform/terminal/node/ptyHostMain.js:11:2275),    at O.fire (/home/knykanen/.vscode-server/bin/d045a5eda657f4d7b676dedbfa7aab8207f8a075/out/vs/platform/terminal/node/ptyHostMain.js:11:1853),    at process.X (/home/knykanen/.vscode-server/bin/d045a5eda657f4d7b676dedbfa7aab8207f8a075/out/vs/platform/terminal/node/ptyHostMain.js:9:20837),    at process.emit (node:events:526:28),    at emit (node:internal/child_process:938:14),    at processTicksAndRejections (node:internal/process/task_queues:84:21)]
[IPC Library: Pty Host]  WARN Shell integration cannot be enabled for executable "/bin/sh" and args [
  '-c',
  'wget --version > /dev/null\n' +
    'if [ $? -eq 0 ]\n' +
    'then\n' +
    "\twget --connect-timeout=7 --tries=1 --dns-timeout=7 -q --header='Metadata:true' -O - http://169.254.169.254/metadata/instance?api-version=2019-03-11\n" +
    'else\n' +
    '\tcurl --version > /dev/null\n' +
    '\tif [ $? -eq 0 ]\n' +
    '\tthen\n' +
    "\t\tcurl --connect-timeout 7 -s --header='Metadata:true' http://169.254.169.254/metadata/instance?api-version=2019-03-11\n" +
    '\tfi\n' +
    'fi\n' +
    'exit 0'
]
[IPC Library: Pty Host]  WARN Shell integration cannot be enabled for executable "/bin/sh" and args [
  '-c',
  'wget --version > /dev/null\n' +
    'if [ $? -eq 0 ]\n' +
    'then\n' +
    '\twget --connect-timeout=7 --tries=1 --dns-timeout=7 -q  -O - http://169.254.169.254/latest/meta-data/instance-id\n' +
    'else\n' +
    '\tcurl --version > /dev/null\n' +
    '\tif [ $? -eq 0 ]\n' +
    '\tthen\n' +
    '\t\tcurl --connect-timeout 7 -s  http://169.254.169.254/latest/meta-data/instance-id\n' +
    '\tfi\n' +
    'fi\n' +
    'exit 0'
]
[IPC Library: Pty Host]  WARN Shell integration cannot be enabled for executable "/bin/sh" and args [
  '-c',
  'wget --version > /dev/null\n' +
    'if [ $? -eq 0 ]\n' +
    'then\n' +
    '\twget --connect-timeout=7 --tries=1 --dns-timeout=7 -q  -O - http://169.254.169.254/metadata/v1/id\n' +
    'else\n' +
    '\tcurl --version > /dev/null\n' +
    '\tif [ $? -eq 0 ]\n' +
    '\tthen\n' +
    '\t\tcurl --connect-timeout 7 -s  http://169.254.169.254/metadata/v1/id\n' +
    '\tfi\n' +
    'fi\n' +
    'exit 0'
]
[IPC Library: Pty Host]  WARN Shell integration cannot be enabled for executable "/bin/sh" and args [
  '-c',
  'wget --version > /dev/null\n' +
    'if [ $? -eq 0 ]\n' +
    'then\n' +
    "\twget --connect-timeout=7 --tries=1 --dns-timeout=7 -q --header='Metadata-Flavor:Google' -O - http://metadata.google.internal/computeMetadata/v1/instance/id\n" +
    'else\n' +
    '\tcurl --version > /dev/null\n' +
    '\tif [ $? -eq 0 ]\n' +
    '\tthen\n' +
    "\t\tcurl --connect-timeout 7 -s --header='Metadata-Flavor:Google' http://metadata.google.internal/computeMetadata/v1/instance/id\n" +
    '\tfi\n' +
    'fi\n' +
    'exit 0'
]
New EH opened, aborting shutdown
[19:44:39] New EH opened, aborting shutdown
[20:13:46] [127.0.0.1][b18ae031][ManagementConnection] The client has reconnected.
[20:13:46] [127.0.0.1][149c0ae0][ExtensionHostConnection] The client has reconnected.
rejected promise not handled within 1 second: CodeExpectedError: Could not find pty on pty host
stack trace: CodeExpectedError: Could not find pty on pty host,    at a._throwIfNoPty (/home/knykanen/.vscode-server/bin/d045a5eda657f4d7b676dedbfa7aab8207f8a075/out/vs/platform/terminal/node/ptyHostMain.js:27:7252),    at a.updateIcon (/home/knykanen/.vscode-server/bin/d045a5eda657f4d7b676dedbfa7aab8207f8a075/out/vs/platform/terminal/node/ptyHostMain.js:27:3046),    at Object.call (/home/knykanen/.vscode-server/bin/d045a5eda657f4d7b676dedbfa7aab8207f8a075/out/vs/platform/terminal/node/ptyHostMain.js:16:8386),    at c.onPromise (/home/knykanen/.vscode-server/bin/d045a5eda657f4d7b676dedbfa7aab8207f8a075/out/vs/platform/terminal/node/ptyHostMain.js:15:5833),    at c.onRawMessage (/home/knykanen/.vscode-server/bin/d045a5eda657f4d7b676dedbfa7aab8207f8a075/out/vs/platform/terminal/node/ptyHostMain.js:15:5216),    at /home/knykanen/.vscode-server/bin/d045a5eda657f4d7b676dedbfa7aab8207f8a075/out/vs/platform/terminal/node/ptyHostMain.js:15:4502,    at m.invoke (/home/knykanen/.vscode-server/bin/d045a5eda657f4d7b676dedbfa7aab8207f8a075/out/vs/platform/terminal/node/ptyHostMain.js:11:145),    at D.deliver (/home/knykanen/.vscode-server/bin/d045a5eda657f4d7b676dedbfa7aab8207f8a075/out/vs/platform/terminal/node/ptyHostMain.js:11:2275),    at O.fire (/home/knykanen/.vscode-server/bin/d045a5eda657f4d7b676dedbfa7aab8207f8a075/out/vs/platform/terminal/node/ptyHostMain.js:11:1853),    at process.X (/home/knykanen/.vscode-server/bin/d045a5eda657f4d7b676dedbfa7aab8207f8a075/out/vs/platform/terminal/node/ptyHostMain.js:9:20837),    at process.emit (node:events:526:28),    at emit (node:internal/child_process:938:14),    at processTicksAndRejections (node:internal/process/task_queues:84:21)
[20:13:47] [Error [CodeExpectedError]: Could not find pty on pty host,    at a._throwIfNoPty (/home/knykanen/.vscode-server/bin/d045a5eda657f4d7b676dedbfa7aab8207f8a075/out/vs/platform/terminal/node/ptyHostMain.js:27:7252),    at a.updateIcon (/home/knykanen/.vscode-server/bin/d045a5eda657f4d7b676dedbfa7aab8207f8a075/out/vs/platform/terminal/node/ptyHostMain.js:27:3046),    at Object.call (/home/knykanen/.vscode-server/bin/d045a5eda657f4d7b676dedbfa7aab8207f8a075/out/vs/platform/terminal/node/ptyHostMain.js:16:8386),    at c.onPromise (/home/knykanen/.vscode-server/bin/d045a5eda657f4d7b676dedbfa7aab8207f8a075/out/vs/platform/terminal/node/ptyHostMain.js:15:5833),    at c.onRawMessage (/home/knykanen/.vscode-server/bin/d045a5eda657f4d7b676dedbfa7aab8207f8a075/out/vs/platform/terminal/node/ptyHostMain.js:15:5216),    at /home/knykanen/.vscode-server/bin/d045a5eda657f4d7b676dedbfa7aab8207f8a075/out/vs/platform/terminal/node/ptyHostMain.js:15:4502,    at m.invoke (/home/knykanen/.vscode-server/bin/d045a5eda657f4d7b676dedbfa7aab8207f8a075/out/vs/platform/terminal/node/ptyHostMain.js:11:145),    at D.deliver (/home/knykanen/.vscode-server/bin/d045a5eda657f4d7b676dedbfa7aab8207f8a075/out/vs/platform/terminal/node/ptyHostMain.js:11:2275),    at O.fire (/home/knykanen/.vscode-server/bin/d045a5eda657f4d7b676dedbfa7aab8207f8a075/out/vs/platform/terminal/node/ptyHostMain.js:11:1853),    at process.X (/home/knykanen/.vscode-server/bin/d045a5eda657f4d7b676dedbfa7aab8207f8a075/out/vs/platform/terminal/node/ptyHostMain.js:9:20837),    at process.emit (node:events:526:28),    at emit (node:internal/child_process:938:14),    at processTicksAndRejections (node:internal/process/task_queues:84:21)]
rejected promise not handled within 1 second: CodeExpectedError: Could not find pty on pty host
stack trace: CodeExpectedError: Could not find pty on pty host,    at a._throwIfNoPty (/home/knykanen/.vscode-server/bin/d045a5eda657f4d7b676dedbfa7aab8207f8a075/out/vs/platform/terminal/node/ptyHostMain.js:27:7252),    at a.updateTitle (/home/knykanen/.vscode-server/bin/d045a5eda657f4d7b676dedbfa7aab8207f8a075/out/vs/platform/terminal/node/ptyHostMain.js:27:2984),    at Object.call (/home/knykanen/.vscode-server/bin/d045a5eda657f4d7b676dedbfa7aab8207f8a075/out/vs/platform/terminal/node/ptyHostMain.js:16:8386),    at c.onPromise (/home/knykanen/.vscode-server/bin/d045a5eda657f4d7b676dedbfa7aab8207f8a075/out/vs/platform/terminal/node/ptyHostMain.js:15:5833),    at c.onRawMessage (/home/knykanen/.vscode-server/bin/d045a5eda657f4d7b676dedbfa7aab8207f8a075/out/vs/platform/terminal/node/ptyHostMain.js:15:5216),    at /home/knykanen/.vscode-server/bin/d045a5eda657f4d7b676dedbfa7aab8207f8a075/out/vs/platform/terminal/node/ptyHostMain.js:15:4502,    at m.invoke (/home/knykanen/.vscode-server/bin/d045a5eda657f4d7b676dedbfa7aab8207f8a075/out/vs/platform/terminal/node/ptyHostMain.js:11:145),    at D.deliver (/home/knykanen/.vscode-server/bin/d045a5eda657f4d7b676dedbfa7aab8207f8a075/out/vs/platform/terminal/node/ptyHostMain.js:11:2275),    at O.fire (/home/knykanen/.vscode-server/bin/d045a5eda657f4d7b676dedbfa7aab8207f8a075/out/vs/platform/terminal/node/ptyHostMain.js:11:1853),    at process.X (/home/knykanen/.vscode-server/bin/d045a5eda657f4d7b676dedbfa7aab8207f8a075/out/vs/platform/terminal/node/ptyHostMain.js:9:20837),    at process.emit (node:events:526:28),    at emit (node:internal/child_process:938:14),    at processTicksAndRejections (node:internal/process/task_queues:84:21)
[20:13:47] [Error [CodeExpectedError]: Could not find pty on pty host,    at a._throwIfNoPty (/home/knykanen/.vscode-server/bin/d045a5eda657f4d7b676dedbfa7aab8207f8a075/out/vs/platform/terminal/node/ptyHostMain.js:27:7252),    at a.updateTitle (/home/knykanen/.vscode-server/bin/d045a5eda657f4d7b676dedbfa7aab8207f8a075/out/vs/platform/terminal/node/ptyHostMain.js:27:2984),    at Object.call (/home/knykanen/.vscode-server/bin/d045a5eda657f4d7b676dedbfa7aab8207f8a075/out/vs/platform/terminal/node/ptyHostMain.js:16:8386),    at c.onPromise (/home/knykanen/.vscode-server/bin/d045a5eda657f4d7b676dedbfa7aab8207f8a075/out/vs/platform/terminal/node/ptyHostMain.js:15:5833),    at c.onRawMessage (/home/knykanen/.vscode-server/bin/d045a5eda657f4d7b676dedbfa7aab8207f8a075/out/vs/platform/terminal/node/ptyHostMain.js:15:5216),    at /home/knykanen/.vscode-server/bin/d045a5eda657f4d7b676dedbfa7aab8207f8a075/out/vs/platform/terminal/node/ptyHostMain.js:15:4502,    at m.invoke (/home/knykanen/.vscode-server/bin/d045a5eda657f4d7b676dedbfa7aab8207f8a075/out/vs/platform/terminal/node/ptyHostMain.js:11:145),    at D.deliver (/home/knykanen/.vscode-server/bin/d045a5eda657f4d7b676dedbfa7aab8207f8a075/out/vs/platform/terminal/node/ptyHostMain.js:11:2275),    at O.fire (/home/knykanen/.vscode-server/bin/d045a5eda657f4d7b676dedbfa7aab8207f8a075/out/vs/platform/terminal/node/ptyHostMain.js:11:1853),    at process.X (/home/knykanen/.vscode-server/bin/d045a5eda657f4d7b676dedbfa7aab8207f8a075/out/vs/platform/terminal/node/ptyHostMain.js:9:20837),    at process.emit (node:events:526:28),    at emit (node:internal/child_process:938:14),    at processTicksAndRejections (node:internal/process/task_queues:84:21)]
rejected promise not handled within 1 second: CodeExpectedError: Could not find pty on pty host
stack trace: CodeExpectedError: Could not find pty on pty host,    at a._throwIfNoPty (/home/knykanen/.vscode-server/bin/d045a5eda657f4d7b676dedbfa7aab8207f8a075/out/vs/platform/terminal/node/ptyHostMain.js:27:7252),    at a.updateTitle (/home/knykanen/.vscode-server/bin/d045a5eda657f4d7b676dedbfa7aab8207f8a075/out/vs/platform/terminal/node/ptyHostMain.js:27:2984),    at Object.call (/home/knykanen/.vscode-server/bin/d045a5eda657f4d7b676dedbfa7aab8207f8a075/out/vs/platform/terminal/node/ptyHostMain.js:16:8386),    at c.onPromise (/home/knykanen/.vscode-server/bin/d045a5eda657f4d7b676dedbfa7aab8207f8a075/out/vs/platform/terminal/node/ptyHostMain.js:15:5833),    at c.onRawMessage (/home/knykanen/.vscode-server/bin/d045a5eda657f4d7b676dedbfa7aab8207f8a075/out/vs/platform/terminal/node/ptyHostMain.js:15:5216),    at /home/knykanen/.vscode-server/bin/d045a5eda657f4d7b676dedbfa7aab8207f8a075/out/vs/platform/terminal/node/ptyHostMain.js:15:4502,    at m.invoke (/home/knykanen/.vscode-server/bin/d045a5eda657f4d7b676dedbfa7aab8207f8a075/out/vs/platform/terminal/node/ptyHostMain.js:11:145),    at D.deliver (/home/knykanen/.vscode-server/bin/d045a5eda657f4d7b676dedbfa7aab8207f8a075/out/vs/platform/terminal/node/ptyHostMain.js:11:2275),    at O.fire (/home/knykanen/.vscode-server/bin/d045a5eda657f4d7b676dedbfa7aab8207f8a075/out/vs/platform/terminal/node/ptyHostMain.js:11:1853),    at process.X (/home/knykanen/.vscode-server/bin/d045a5eda657f4d7b676dedbfa7aab8207f8a075/out/vs/platform/terminal/node/ptyHostMain.js:9:20837),    at process.emit (node:events:526:28),    at emit (node:internal/child_process:938:14),    at processTicksAndRejections (node:internal/process/task_queues:84:21)
[20:13:47] [Error [CodeExpectedError]: Could not find pty on pty host,    at a._throwIfNoPty (/home/knykanen/.vscode-server/bin/d045a5eda657f4d7b676dedbfa7aab8207f8a075/out/vs/platform/terminal/node/ptyHostMain.js:27:7252),    at a.updateTitle (/home/knykanen/.vscode-server/bin/d045a5eda657f4d7b676dedbfa7aab8207f8a075/out/vs/platform/terminal/node/ptyHostMain.js:27:2984),    at Object.call (/home/knykanen/.vscode-server/bin/d045a5eda657f4d7b676dedbfa7aab8207f8a075/out/vs/platform/terminal/node/ptyHostMain.js:16:8386),    at c.onPromise (/home/knykanen/.vscode-server/bin/d045a5eda657f4d7b676dedbfa7aab8207f8a075/out/vs/platform/terminal/node/ptyHostMain.js:15:5833),    at c.onRawMessage (/home/knykanen/.vscode-server/bin/d045a5eda657f4d7b676dedbfa7aab8207f8a075/out/vs/platform/terminal/node/ptyHostMain.js:15:5216),    at /home/knykanen/.vscode-server/bin/d045a5eda657f4d7b676dedbfa7aab8207f8a075/out/vs/platform/terminal/node/ptyHostMain.js:15:4502,    at m.invoke (/home/knykanen/.vscode-server/bin/d045a5eda657f4d7b676dedbfa7aab8207f8a075/out/vs/platform/terminal/node/ptyHostMain.js:11:145),    at D.deliver (/home/knykanen/.vscode-server/bin/d045a5eda657f4d7b676dedbfa7aab8207f8a075/out/vs/platform/terminal/node/ptyHostMain.js:11:2275),    at O.fire (/home/knykanen/.vscode-server/bin/d045a5eda657f4d7b676dedbfa7aab8207f8a075/out/vs/platform/terminal/node/ptyHostMain.js:11:1853),    at process.X (/home/knykanen/.vscode-server/bin/d045a5eda657f4d7b676dedbfa7aab8207f8a075/out/vs/platform/terminal/node/ptyHostMain.js:9:20837),    at process.emit (node:events:526:28),    at emit (node:internal/child_process:938:14),    at processTicksAndRejections (node:internal/process/task_queues:84:21)]
[20:14:25] [127.0.0.1][b18ae031][ManagementConnection] The client has disconnected gracefully, so the connection will be disposed.
[20:14:25] [127.0.0.1][149c0ae0][ExtensionHostConnection] <3812784> Extension Host Process exited with code: 0, signal: null.
Last EH closed, waiting before shutting down
[20:14:25] Last EH closed, waiting before shutting down
Last EH closed, shutting down
[20:19:25] Last EH closed, shutting down
