*
* Visual Studio Code Server
*
* By using the software, you agree to
* the Visual Studio Code Server License Terms (https://aka.ms/vscode-server-license) and
* the Microsoft Privacy Statement (https://privacy.microsoft.com/en-US/privacystatement).
*
Server bound to 127.0.0.1:44877 (IPv4)
Extension host agent listening on 44877

[09:42:14] Extension host agent started.
[09:42:14] [127.0.0.1][c2f7746e][ManagementConnection] New connection established.
[09:42:14] [127.0.0.1][6b3963ab][ExtensionHostConnection] New connection established.
[09:42:14] [127.0.0.1][6b3963ab][ExtensionHostConnection] <4090757> Launched Extension Host Process.
[IPC Library: Pty Host]  WARN Shell integration cannot be enabled for executable "/bin/sh" and args [
  '-c',
  'wget --version > /dev/null\n' +
    'if [ $? -eq 0 ]\n' +
    'then\n' +
    "\twget --connect-timeout=7 --tries=1 --dns-timeout=7 -q --header='Metadata:true' -O - http://169.254.169.254/metadata/instance?api-version=2019-03-11\n" +
    'else\n' +
    '\tcurl --version > /dev/null\n' +
    '\tif [ $? -eq 0 ]\n' +
    '\tthen\n' +
    "\t\tcurl --connect-timeout 7 -s --header='Metadata:true' http://169.254.169.254/metadata/instance?api-version=2019-03-11\n" +
    '\tfi\n' +
    'fi\n' +
    'exit 0'
]
[IPC Library: Pty Host]  WARN Shell integration cannot be enabled for executable "/bin/sh" and args [
  '-c',
  'wget --version > /dev/null\n' +
    'if [ $? -eq 0 ]\n' +
    'then\n' +
    '\twget --connect-timeout=7 --tries=1 --dns-timeout=7 -q  -O - http://169.254.169.254/latest/meta-data/instance-id\n' +
    'else\n' +
    '\tcurl --version > /dev/null\n' +
    '\tif [ $? -eq 0 ]\n' +
    '\tthen\n' +
    '\t\tcurl --connect-timeout 7 -s  http://169.254.169.254/latest/meta-data/instance-id\n' +
    '\tfi\n' +
    'fi\n' +
    'exit 0'
]
[IPC Library: Pty Host]  WARN Shell integration cannot be enabled for executable "/bin/sh" and args [
  '-c',
  'wget --version > /dev/null\n' +
    'if [ $? -eq 0 ]\n' +
    'then\n' +
    '\twget --connect-timeout=7 --tries=1 --dns-timeout=7 -q  -O - http://169.254.169.254/metadata/v1/id\n' +
    'else\n' +
    '\tcurl --version > /dev/null\n' +
    '\tif [ $? -eq 0 ]\n' +
    '\tthen\n' +
    '\t\tcurl --connect-timeout 7 -s  http://169.254.169.254/metadata/v1/id\n' +
    '\tfi\n' +
    'fi\n' +
    'exit 0'
]
[IPC Library: Pty Host]  WARN Shell integration cannot be enabled for executable "/bin/sh" and args [
  '-c',
  'wget --version > /dev/null\n' +
    'if [ $? -eq 0 ]\n' +
    'then\n' +
    "\twget --connect-timeout=7 --tries=1 --dns-timeout=7 -q --header='Metadata-Flavor:Google' -O - http://metadata.google.internal/computeMetadata/v1/instance/id\n" +
    'else\n' +
    '\tcurl --version > /dev/null\n' +
    '\tif [ $? -eq 0 ]\n' +
    '\tthen\n' +
    "\t\tcurl --connect-timeout 7 -s --header='Metadata-Flavor:Google' http://metadata.google.internal/computeMetadata/v1/instance/id\n" +
    '\tfi\n' +
    'fi\n' +
    'exit 0'
]
[09:42:37] [127.0.0.1][c2f7746e][ManagementConnection] The client has disconnected gracefully, so the connection will be disposed.
[09:42:37] [127.0.0.1][6b3963ab][ExtensionHostConnection] <4090757> Extension Host Process exited with code: 0, signal: null.
Last EH closed, waiting before shutting down
[09:42:37] Last EH closed, waiting before shutting down
Got delay-shutdown request while in shutdown timeout, delaying
[09:42:40] Got delay-shutdown request while in shutdown timeout, delaying
Cancelling previous shutdown timeout
[09:42:40] Cancelling previous shutdown timeout
[09:42:40] [127.0.0.1][5a82ba2e][ManagementConnection] New connection established.
[09:42:41] [127.0.0.1][ed0c6afb][ExtensionHostConnection] New connection established.
[09:42:41] [127.0.0.1][ed0c6afb][ExtensionHostConnection] <4090911> Launched Extension Host Process.
rejected promise not handled within 1 second: CodeExpectedError: Could not find pty on pty host
stack trace: CodeExpectedError: Could not find pty on pty host
    at h.J (/home/knykanen/.vscode-server/bin/e8a3071ea4344d9d48ef8a4df2c097372b0c5161/out/vs/platform/terminal/node/ptyHostMain.js:27:6395)
    at h.updateTitle (/home/knykanen/.vscode-server/bin/e8a3071ea4344d9d48ef8a4df2c097372b0c5161/out/vs/platform/terminal/node/ptyHostMain.js:27:2665)
    at Object.call (/home/knykanen/.vscode-server/bin/e8a3071ea4344d9d48ef8a4df2c097372b0c5161/out/vs/platform/terminal/node/ptyHostMain.js:17:5110)
    at r.q (/home/knykanen/.vscode-server/bin/e8a3071ea4344d9d48ef8a4df2c097372b0c5161/out/vs/platform/terminal/node/ptyHostMain.js:15:5390)
    at r.p (/home/knykanen/.vscode-server/bin/e8a3071ea4344d9d48ef8a4df2c097372b0c5161/out/vs/platform/terminal/node/ptyHostMain.js:15:4881)
    at /home/knykanen/.vscode-server/bin/e8a3071ea4344d9d48ef8a4df2c097372b0c5161/out/vs/platform/terminal/node/ptyHostMain.js:15:4286
    at n.invoke (/home/knykanen/.vscode-server/bin/e8a3071ea4344d9d48ef8a4df2c097372b0c5161/out/vs/platform/terminal/node/ptyHostMain.js:11:145)
    at C.deliver (/home/knykanen/.vscode-server/bin/e8a3071ea4344d9d48ef8a4df2c097372b0c5161/out/vs/platform/terminal/node/ptyHostMain.js:11:2038)
    at v.fire (/home/knykanen/.vscode-server/bin/e8a3071ea4344d9d48ef8a4df2c097372b0c5161/out/vs/platform/terminal/node/ptyHostMain.js:11:1676)
    at process.O (/home/knykanen/.vscode-server/bin/e8a3071ea4344d9d48ef8a4df2c097372b0c5161/out/vs/platform/terminal/node/ptyHostMain.js:9:20886)
    at process.emit (node:events:526:28)
    at emit (node:internal/child_process:938:14)
    at processTicksAndRejections (node:internal/process/task_queues:84:21)
[09:42:42] Error [CodeExpectedError]: Could not find pty on pty host
    at h.J (/home/knykanen/.vscode-server/bin/e8a3071ea4344d9d48ef8a4df2c097372b0c5161/out/vs/platform/terminal/node/ptyHostMain.js:27:6395)
    at h.updateTitle (/home/knykanen/.vscode-server/bin/e8a3071ea4344d9d48ef8a4df2c097372b0c5161/out/vs/platform/terminal/node/ptyHostMain.js:27:2665)
    at Object.call (/home/knykanen/.vscode-server/bin/e8a3071ea4344d9d48ef8a4df2c097372b0c5161/out/vs/platform/terminal/node/ptyHostMain.js:17:5110)
    at r.q (/home/knykanen/.vscode-server/bin/e8a3071ea4344d9d48ef8a4df2c097372b0c5161/out/vs/platform/terminal/node/ptyHostMain.js:15:5390)
    at r.p (/home/knykanen/.vscode-server/bin/e8a3071ea4344d9d48ef8a4df2c097372b0c5161/out/vs/platform/terminal/node/ptyHostMain.js:15:4881)
    at /home/knykanen/.vscode-server/bin/e8a3071ea4344d9d48ef8a4df2c097372b0c5161/out/vs/platform/terminal/node/ptyHostMain.js:15:4286
    at n.invoke (/home/knykanen/.vscode-server/bin/e8a3071ea4344d9d48ef8a4df2c097372b0c5161/out/vs/platform/terminal/node/ptyHostMain.js:11:145)
    at C.deliver (/home/knykanen/.vscode-server/bin/e8a3071ea4344d9d48ef8a4df2c097372b0c5161/out/vs/platform/terminal/node/ptyHostMain.js:11:2038)
    at v.fire (/home/knykanen/.vscode-server/bin/e8a3071ea4344d9d48ef8a4df2c097372b0c5161/out/vs/platform/terminal/node/ptyHostMain.js:11:1676)
    at process.O (/home/knykanen/.vscode-server/bin/e8a3071ea4344d9d48ef8a4df2c097372b0c5161/out/vs/platform/terminal/node/ptyHostMain.js:9:20886)
    at process.emit (node:events:526:28)
    at emit (node:internal/child_process:938:14)
    at processTicksAndRejections (node:internal/process/task_queues:84:21)
[IPC Library: Pty Host]  WARN Shell integration cannot be enabled for executable "/bin/sh" and args [
  '-c',
  'wget --version > /dev/null\n' +
    'if [ $? -eq 0 ]\n' +
    'then\n' +
    "\twget --connect-timeout=7 --tries=1 --dns-timeout=7 -q --header='Metadata:true' -O - http://169.254.169.254/metadata/instance?api-version=2019-03-11\n" +
    'else\n' +
    '\tcurl --version > /dev/null\n' +
    '\tif [ $? -eq 0 ]\n' +
    '\tthen\n' +
    "\t\tcurl --connect-timeout 7 -s --header='Metadata:true' http://169.254.169.254/metadata/instance?api-version=2019-03-11\n" +
    '\tfi\n' +
    'fi\n' +
    'exit 0'
]
[IPC Library: Pty Host]  WARN Shell integration cannot be enabled for executable "/bin/sh" and args [
  '-c',
  'wget --version > /dev/null\n' +
    'if [ $? -eq 0 ]\n' +
    'then\n' +
    '\twget --connect-timeout=7 --tries=1 --dns-timeout=7 -q  -O - http://169.254.169.254/latest/meta-data/instance-id\n' +
    'else\n' +
    '\tcurl --version > /dev/null\n' +
    '\tif [ $? -eq 0 ]\n' +
    '\tthen\n' +
    '\t\tcurl --connect-timeout 7 -s  http://169.254.169.254/latest/meta-data/instance-id\n' +
    '\tfi\n' +
    'fi\n' +
    'exit 0'
]
[IPC Library: Pty Host]  WARN Shell integration cannot be enabled for executable "/bin/sh" and args [
  '-c',
  'wget --version > /dev/null\n' +
    'if [ $? -eq 0 ]\n' +
    'then\n' +
    '\twget --connect-timeout=7 --tries=1 --dns-timeout=7 -q  -O - http://169.254.169.254/metadata/v1/id\n' +
    'else\n' +
    '\tcurl --version > /dev/null\n' +
    '\tif [ $? -eq 0 ]\n' +
    '\tthen\n' +
    '\t\tcurl --connect-timeout 7 -s  http://169.254.169.254/metadata/v1/id\n' +
    '\tfi\n' +
    'fi\n' +
    'exit 0'
]
[IPC Library: Pty Host]  WARN Shell integration cannot be enabled for executable "/bin/sh" and args [
  '-c',
  'wget --version > /dev/null\n' +
    'if [ $? -eq 0 ]\n' +
    'then\n' +
    "\twget --connect-timeout=7 --tries=1 --dns-timeout=7 -q --header='Metadata-Flavor:Google' -O - http://metadata.google.internal/computeMetadata/v1/instance/id\n" +
    'else\n' +
    '\tcurl --version > /dev/null\n' +
    '\tif [ $? -eq 0 ]\n' +
    '\tthen\n' +
    "\t\tcurl --connect-timeout 7 -s --header='Metadata-Flavor:Google' http://metadata.google.internal/computeMetadata/v1/instance/id\n" +
    '\tfi\n' +
    'fi\n' +
    'exit 0'
]
[09:43:04] [127.0.0.1][5a82ba2e][ManagementConnection] The client has disconnected gracefully, so the connection will be disposed.
[09:43:04] [127.0.0.1][ed0c6afb][ExtensionHostConnection] <4090911> Extension Host Process exited with code: 0, signal: null.
Cancelling previous shutdown timeout
[09:43:04] Cancelling previous shutdown timeout
Last EH closed, waiting before shutting down
[09:43:04] Last EH closed, waiting before shutting down
Got delay-shutdown request while in shutdown timeout, delaying
[09:43:07] Got delay-shutdown request while in shutdown timeout, delaying
Cancelling previous shutdown timeout
[09:43:07] Cancelling previous shutdown timeout
[09:43:07] [127.0.0.1][b4ab550c][ManagementConnection] New connection established.
[09:43:07] [127.0.0.1][2694c342][ExtensionHostConnection] New connection established.
[09:43:07] [127.0.0.1][2694c342][ExtensionHostConnection] <4091044> Launched Extension Host Process.
[IPC Library: Pty Host]  WARN Shell integration cannot be enabled for executable "/bin/sh" and args [
  '-c',
  'wget --version > /dev/null\n' +
    'if [ $? -eq 0 ]\n' +
    'then\n' +
    "\twget --connect-timeout=7 --tries=1 --dns-timeout=7 -q --header='Metadata:true' -O - http://169.254.169.254/metadata/instance?api-version=2019-03-11\n" +
    'else\n' +
    '\tcurl --version > /dev/null\n' +
    '\tif [ $? -eq 0 ]\n' +
    '\tthen\n' +
    "\t\tcurl --connect-timeout 7 -s --header='Metadata:true' http://169.254.169.254/metadata/instance?api-version=2019-03-11\n" +
    '\tfi\n' +
    'fi\n' +
    'exit 0'
]
[IPC Library: Pty Host]  WARN Shell integration cannot be enabled for executable "/bin/sh" and args [
  '-c',
  'wget --version > /dev/null\n' +
    'if [ $? -eq 0 ]\n' +
    'then\n' +
    '\twget --connect-timeout=7 --tries=1 --dns-timeout=7 -q  -O - http://169.254.169.254/latest/meta-data/instance-id\n' +
    'else\n' +
    '\tcurl --version > /dev/null\n' +
    '\tif [ $? -eq 0 ]\n' +
    '\tthen\n' +
    '\t\tcurl --connect-timeout 7 -s  http://169.254.169.254/latest/meta-data/instance-id\n' +
    '\tfi\n' +
    'fi\n' +
    'exit 0'
]
[IPC Library: Pty Host]  WARN Shell integration cannot be enabled for executable "/bin/sh" and args [
  '-c',
  'wget --version > /dev/null\n' +
    'if [ $? -eq 0 ]\n' +
    'then\n' +
    '\twget --connect-timeout=7 --tries=1 --dns-timeout=7 -q  -O - http://169.254.169.254/metadata/v1/id\n' +
    'else\n' +
    '\tcurl --version > /dev/null\n' +
    '\tif [ $? -eq 0 ]\n' +
    '\tthen\n' +
    '\t\tcurl --connect-timeout 7 -s  http://169.254.169.254/metadata/v1/id\n' +
    '\tfi\n' +
    'fi\n' +
    'exit 0'
]
[IPC Library: Pty Host]  WARN Shell integration cannot be enabled for executable "/bin/sh" and args [
  '-c',
  'wget --version > /dev/null\n' +
    'if [ $? -eq 0 ]\n' +
    'then\n' +
    "\twget --connect-timeout=7 --tries=1 --dns-timeout=7 -q --header='Metadata-Flavor:Google' -O - http://metadata.google.internal/computeMetadata/v1/instance/id\n" +
    'else\n' +
    '\tcurl --version > /dev/null\n' +
    '\tif [ $? -eq 0 ]\n' +
    '\tthen\n' +
    "\t\tcurl --connect-timeout 7 -s --header='Metadata-Flavor:Google' http://metadata.google.internal/computeMetadata/v1/instance/id\n" +
    '\tfi\n' +
    'fi\n' +
    'exit 0'
]
[09:43:28] [127.0.0.1][b4ab550c][ManagementConnection] The client has disconnected gracefully, so the connection will be disposed.
[09:43:28] [127.0.0.1][2694c342][ExtensionHostConnection] <4091044> Extension Host Process exited with code: 0, signal: null.
Cancelling previous shutdown timeout
[09:43:28] Cancelling previous shutdown timeout
Last EH closed, waiting before shutting down
[09:43:28] Last EH closed, waiting before shutting down
Got delay-shutdown request while in shutdown timeout, delaying
[09:43:31] Got delay-shutdown request while in shutdown timeout, delaying
Cancelling previous shutdown timeout
[09:43:31] Cancelling previous shutdown timeout
[09:43:31] [127.0.0.1][a2eb6faa][ManagementConnection] New connection established.
[09:43:31] [127.0.0.1][2b648406][ExtensionHostConnection] New connection established.
[09:43:31] [127.0.0.1][2b648406][ExtensionHostConnection] <4091207> Launched Extension Host Process.
[IPC Library: Pty Host]  WARN Shell integration cannot be enabled for executable "/bin/sh" and args [
  '-c',
  'wget --version > /dev/null\n' +
    'if [ $? -eq 0 ]\n' +
    'then\n' +
    "\twget --connect-timeout=7 --tries=1 --dns-timeout=7 -q --header='Metadata:true' -O - http://169.254.169.254/metadata/instance?api-version=2019-03-11\n" +
    'else\n' +
    '\tcurl --version > /dev/null\n' +
    '\tif [ $? -eq 0 ]\n' +
    '\tthen\n' +
    "\t\tcurl --connect-timeout 7 -s --header='Metadata:true' http://169.254.169.254/metadata/instance?api-version=2019-03-11\n" +
    '\tfi\n' +
    'fi\n' +
    'exit 0'
]
[IPC Library: Pty Host]  WARN Shell integration cannot be enabled for executable "/bin/sh" and args [
  '-c',
  'wget --version > /dev/null\n' +
    'if [ $? -eq 0 ]\n' +
    'then\n' +
    '\twget --connect-timeout=7 --tries=1 --dns-timeout=7 -q  -O - http://169.254.169.254/latest/meta-data/instance-id\n' +
    'else\n' +
    '\tcurl --version > /dev/null\n' +
    '\tif [ $? -eq 0 ]\n' +
    '\tthen\n' +
    '\t\tcurl --connect-timeout 7 -s  http://169.254.169.254/latest/meta-data/instance-id\n' +
    '\tfi\n' +
    'fi\n' +
    'exit 0'
]
[IPC Library: Pty Host]  WARN Shell integration cannot be enabled for executable "/bin/sh" and args [
  '-c',
  'wget --version > /dev/null\n' +
    'if [ $? -eq 0 ]\n' +
    'then\n' +
    '\twget --connect-timeout=7 --tries=1 --dns-timeout=7 -q  -O - http://169.254.169.254/metadata/v1/id\n' +
    'else\n' +
    '\tcurl --version > /dev/null\n' +
    '\tif [ $? -eq 0 ]\n' +
    '\tthen\n' +
    '\t\tcurl --connect-timeout 7 -s  http://169.254.169.254/metadata/v1/id\n' +
    '\tfi\n' +
    'fi\n' +
    'exit 0'
]
[IPC Library: Pty Host]  WARN Shell integration cannot be enabled for executable "/bin/sh" and args [
  '-c',
  'wget --version > /dev/null\n' +
    'if [ $? -eq 0 ]\n' +
    'then\n' +
    "\twget --connect-timeout=7 --tries=1 --dns-timeout=7 -q --header='Metadata-Flavor:Google' -O - http://metadata.google.internal/computeMetadata/v1/instance/id\n" +
    'else\n' +
    '\tcurl --version > /dev/null\n' +
    '\tif [ $? -eq 0 ]\n' +
    '\tthen\n' +
    "\t\tcurl --connect-timeout 7 -s --header='Metadata-Flavor:Google' http://metadata.google.internal/computeMetadata/v1/instance/id\n" +
    '\tfi\n' +
    'fi\n' +
    'exit 0'
]
[09:43:49] [127.0.0.1][a2eb6faa][ManagementConnection] The client has disconnected gracefully, so the connection will be disposed.
[09:43:49] [127.0.0.1][2b648406][ExtensionHostConnection] <4091207> Extension Host Process exited with code: 0, signal: null.
Cancelling previous shutdown timeout
[09:43:49] Cancelling previous shutdown timeout
Last EH closed, waiting before shutting down
[09:43:49] Last EH closed, waiting before shutting down
Got delay-shutdown request while in shutdown timeout, delaying
[09:43:52] Got delay-shutdown request while in shutdown timeout, delaying
Cancelling previous shutdown timeout
[09:43:52] Cancelling previous shutdown timeout
[09:43:52] [127.0.0.1][03bb7e64][ManagementConnection] New connection established.
[09:43:52] [127.0.0.1][de64afdd][ExtensionHostConnection] New connection established.
[09:43:52] [127.0.0.1][de64afdd][ExtensionHostConnection] <4091334> Launched Extension Host Process.
[IPC Library: Pty Host]  WARN Shell integration cannot be enabled for executable "/bin/sh" and args [
  '-c',
  'wget --version > /dev/null\n' +
    'if [ $? -eq 0 ]\n' +
    'then\n' +
    "\twget --connect-timeout=7 --tries=1 --dns-timeout=7 -q --header='Metadata:true' -O - http://169.254.169.254/metadata/instance?api-version=2019-03-11\n" +
    'else\n' +
    '\tcurl --version > /dev/null\n' +
    '\tif [ $? -eq 0 ]\n' +
    '\tthen\n' +
    "\t\tcurl --connect-timeout 7 -s --header='Metadata:true' http://169.254.169.254/metadata/instance?api-version=2019-03-11\n" +
    '\tfi\n' +
    'fi\n' +
    'exit 0'
]
[IPC Library: Pty Host]  WARN Shell integration cannot be enabled for executable "/bin/sh" and args [
  '-c',
  'wget --version > /dev/null\n' +
    'if [ $? -eq 0 ]\n' +
    'then\n' +
    '\twget --connect-timeout=7 --tries=1 --dns-timeout=7 -q  -O - http://169.254.169.254/latest/meta-data/instance-id\n' +
    'else\n' +
    '\tcurl --version > /dev/null\n' +
    '\tif [ $? -eq 0 ]\n' +
    '\tthen\n' +
    '\t\tcurl --connect-timeout 7 -s  http://169.254.169.254/latest/meta-data/instance-id\n' +
    '\tfi\n' +
    'fi\n' +
    'exit 0'
]
[IPC Library: Pty Host]  WARN Shell integration cannot be enabled for executable "/bin/sh" and args [
  '-c',
  'wget --version > /dev/null\n' +
    'if [ $? -eq 0 ]\n' +
    'then\n' +
    '\twget --connect-timeout=7 --tries=1 --dns-timeout=7 -q  -O - http://169.254.169.254/metadata/v1/id\n' +
    'else\n' +
    '\tcurl --version > /dev/null\n' +
    '\tif [ $? -eq 0 ]\n' +
    '\tthen\n' +
    '\t\tcurl --connect-timeout 7 -s  http://169.254.169.254/metadata/v1/id\n' +
    '\tfi\n' +
    'fi\n' +
    'exit 0'
]
[IPC Library: Pty Host]  WARN Shell integration cannot be enabled for executable "/bin/sh" and args [
  '-c',
  'wget --version > /dev/null\n' +
    'if [ $? -eq 0 ]\n' +
    'then\n' +
    "\twget --connect-timeout=7 --tries=1 --dns-timeout=7 -q --header='Metadata-Flavor:Google' -O - http://metadata.google.internal/computeMetadata/v1/instance/id\n" +
    'else\n' +
    '\tcurl --version > /dev/null\n' +
    '\tif [ $? -eq 0 ]\n' +
    '\tthen\n' +
    "\t\tcurl --connect-timeout 7 -s --header='Metadata-Flavor:Google' http://metadata.google.internal/computeMetadata/v1/instance/id\n" +
    '\tfi\n' +
    'fi\n' +
    'exit 0'
]
[09:45:43] [127.0.0.1][03bb7e64][ManagementConnection] The client has disconnected gracefully, so the connection will be disposed.
[09:45:44] [127.0.0.1][de64afdd][ExtensionHostConnection] <4091334> Extension Host Process exited with code: 0, signal: null.
Cancelling previous shutdown timeout
[09:45:44] Cancelling previous shutdown timeout
Last EH closed, waiting before shutting down
[09:45:44] Last EH closed, waiting before shutting down
Got delay-shutdown request while in shutdown timeout, delaying
[09:45:47] Got delay-shutdown request while in shutdown timeout, delaying
Cancelling previous shutdown timeout
[09:45:47] Cancelling previous shutdown timeout
[09:45:47] [127.0.0.1][696bc26b][ManagementConnection] New connection established.
[09:45:47] [127.0.0.1][0a6fc71c][ExtensionHostConnection] New connection established.
[09:45:47] [127.0.0.1][0a6fc71c][ExtensionHostConnection] <4091617> Launched Extension Host Process.
[IPC Library: Pty Host]  WARN Shell integration cannot be enabled for executable "/bin/sh" and args [
  '-c',
  'wget --version > /dev/null\n' +
    'if [ $? -eq 0 ]\n' +
    'then\n' +
    "\twget --connect-timeout=7 --tries=1 --dns-timeout=7 -q --header='Metadata:true' -O - http://169.254.169.254/metadata/instance?api-version=2019-03-11\n" +
    'else\n' +
    '\tcurl --version > /dev/null\n' +
    '\tif [ $? -eq 0 ]\n' +
    '\tthen\n' +
    "\t\tcurl --connect-timeout 7 -s --header='Metadata:true' http://169.254.169.254/metadata/instance?api-version=2019-03-11\n" +
    '\tfi\n' +
    'fi\n' +
    'exit 0'
]
[IPC Library: Pty Host]  WARN Shell integration cannot be enabled for executable "/bin/sh" and args [
  '-c',
  'wget --version > /dev/null\n' +
    'if [ $? -eq 0 ]\n' +
    'then\n' +
    '\twget --connect-timeout=7 --tries=1 --dns-timeout=7 -q  -O - http://169.254.169.254/latest/meta-data/instance-id\n' +
    'else\n' +
    '\tcurl --version > /dev/null\n' +
    '\tif [ $? -eq 0 ]\n' +
    '\tthen\n' +
    '\t\tcurl --connect-timeout 7 -s  http://169.254.169.254/latest/meta-data/instance-id\n' +
    '\tfi\n' +
    'fi\n' +
    'exit 0'
]
[IPC Library: Pty Host]  WARN Shell integration cannot be enabled for executable "/bin/sh" and args [
  '-c',
  'wget --version > /dev/null\n' +
    'if [ $? -eq 0 ]\n' +
    'then\n' +
    '\twget --connect-timeout=7 --tries=1 --dns-timeout=7 -q  -O - http://169.254.169.254/metadata/v1/id\n' +
    'else\n' +
    '\tcurl --version > /dev/null\n' +
    '\tif [ $? -eq 0 ]\n' +
    '\tthen\n' +
    '\t\tcurl --connect-timeout 7 -s  http://169.254.169.254/metadata/v1/id\n' +
    '\tfi\n' +
    'fi\n' +
    'exit 0'
]
[IPC Library: Pty Host]  WARN Shell integration cannot be enabled for executable "/bin/sh" and args [
  '-c',
  'wget --version > /dev/null\n' +
    'if [ $? -eq 0 ]\n' +
    'then\n' +
    "\twget --connect-timeout=7 --tries=1 --dns-timeout=7 -q --header='Metadata-Flavor:Google' -O - http://metadata.google.internal/computeMetadata/v1/instance/id\n" +
    'else\n' +
    '\tcurl --version > /dev/null\n' +
    '\tif [ $? -eq 0 ]\n' +
    '\tthen\n' +
    "\t\tcurl --connect-timeout 7 -s --header='Metadata-Flavor:Google' http://metadata.google.internal/computeMetadata/v1/instance/id\n" +
    '\tfi\n' +
    'fi\n' +
    'exit 0'
]
[09:46:02] [127.0.0.1][696bc26b][ManagementConnection] The client has disconnected gracefully, so the connection will be disposed.
[09:46:02] [127.0.0.1][0a6fc71c][ExtensionHostConnection] <4091617> Extension Host Process exited with code: 0, signal: null.
Cancelling previous shutdown timeout
[09:46:02] Cancelling previous shutdown timeout
Last EH closed, waiting before shutting down
[09:46:02] Last EH closed, waiting before shutting down
Got delay-shutdown request while in shutdown timeout, delaying
[09:46:06] Got delay-shutdown request while in shutdown timeout, delaying
Cancelling previous shutdown timeout
[09:46:06] Cancelling previous shutdown timeout
[09:46:06] [127.0.0.1][88b697a6][ManagementConnection] New connection established.
[09:46:06] [127.0.0.1][6d9fe92f][ExtensionHostConnection] New connection established.
[09:46:06] [127.0.0.1][6d9fe92f][ExtensionHostConnection] <4091735> Launched Extension Host Process.
[IPC Library: Pty Host]  WARN Shell integration cannot be enabled for executable "/bin/sh" and args [
  '-c',
  'wget --version > /dev/null\n' +
    'if [ $? -eq 0 ]\n' +
    'then\n' +
    "\twget --connect-timeout=7 --tries=1 --dns-timeout=7 -q --header='Metadata:true' -O - http://169.254.169.254/metadata/instance?api-version=2019-03-11\n" +
    'else\n' +
    '\tcurl --version > /dev/null\n' +
    '\tif [ $? -eq 0 ]\n' +
    '\tthen\n' +
    "\t\tcurl --connect-timeout 7 -s --header='Metadata:true' http://169.254.169.254/metadata/instance?api-version=2019-03-11\n" +
    '\tfi\n' +
    'fi\n' +
    'exit 0'
]
[IPC Library: Pty Host]  WARN Shell integration cannot be enabled for executable "/bin/sh" and args [
  '-c',
  'wget --version > /dev/null\n' +
    'if [ $? -eq 0 ]\n' +
    'then\n' +
    '\twget --connect-timeout=7 --tries=1 --dns-timeout=7 -q  -O - http://169.254.169.254/latest/meta-data/instance-id\n' +
    'else\n' +
    '\tcurl --version > /dev/null\n' +
    '\tif [ $? -eq 0 ]\n' +
    '\tthen\n' +
    '\t\tcurl --connect-timeout 7 -s  http://169.254.169.254/latest/meta-data/instance-id\n' +
    '\tfi\n' +
    'fi\n' +
    'exit 0'
]
[IPC Library: Pty Host]  WARN Shell integration cannot be enabled for executable "/bin/sh" and args [
  '-c',
  'wget --version > /dev/null\n' +
    'if [ $? -eq 0 ]\n' +
    'then\n' +
    '\twget --connect-timeout=7 --tries=1 --dns-timeout=7 -q  -O - http://169.254.169.254/metadata/v1/id\n' +
    'else\n' +
    '\tcurl --version > /dev/null\n' +
    '\tif [ $? -eq 0 ]\n' +
    '\tthen\n' +
    '\t\tcurl --connect-timeout 7 -s  http://169.254.169.254/metadata/v1/id\n' +
    '\tfi\n' +
    'fi\n' +
    'exit 0'
]
[IPC Library: Pty Host]  WARN Shell integration cannot be enabled for executable "/bin/sh" and args [
  '-c',
  'wget --version > /dev/null\n' +
    'if [ $? -eq 0 ]\n' +
    'then\n' +
    "\twget --connect-timeout=7 --tries=1 --dns-timeout=7 -q --header='Metadata-Flavor:Google' -O - http://metadata.google.internal/computeMetadata/v1/instance/id\n" +
    'else\n' +
    '\tcurl --version > /dev/null\n' +
    '\tif [ $? -eq 0 ]\n' +
    '\tthen\n' +
    "\t\tcurl --connect-timeout 7 -s --header='Metadata-Flavor:Google' http://metadata.google.internal/computeMetadata/v1/instance/id\n" +
    '\tfi\n' +
    'fi\n' +
    'exit 0'
]
[09:46:59] [127.0.0.1][88b697a6][ManagementConnection] The client has disconnected gracefully, so the connection will be disposed.
[09:46:59] [127.0.0.1][6d9fe92f][ExtensionHostConnection] <4091735> Extension Host Process exited with code: 0, signal: null.
Cancelling previous shutdown timeout
[09:46:59] Cancelling previous shutdown timeout
Last EH closed, waiting before shutting down
[09:46:59] Last EH closed, waiting before shutting down
Got delay-shutdown request while in shutdown timeout, delaying
[09:47:42] Got delay-shutdown request while in shutdown timeout, delaying
Cancelling previous shutdown timeout
[09:47:42] Cancelling previous shutdown timeout
[09:47:42] [127.0.0.1][c7cb0e33][ManagementConnection] New connection established.
[09:47:42] [127.0.0.1][abe0e099][ExtensionHostConnection] New connection established.
[09:47:42] [127.0.0.1][abe0e099][ExtensionHostConnection] <4091989> Launched Extension Host Process.
[IPC Library: Pty Host]  WARN Shell integration cannot be enabled for executable "/bin/sh" and args [
  '-c',
  'wget --version > /dev/null\n' +
    'if [ $? -eq 0 ]\n' +
    'then\n' +
    "\twget --connect-timeout=7 --tries=1 --dns-timeout=7 -q --header='Metadata:true' -O - http://169.254.169.254/metadata/instance?api-version=2019-03-11\n" +
    'else\n' +
    '\tcurl --version > /dev/null\n' +
    '\tif [ $? -eq 0 ]\n' +
    '\tthen\n' +
    "\t\tcurl --connect-timeout 7 -s --header='Metadata:true' http://169.254.169.254/metadata/instance?api-version=2019-03-11\n" +
    '\tfi\n' +
    'fi\n' +
    'exit 0'
]
[IPC Library: Pty Host]  WARN Shell integration cannot be enabled for executable "/bin/sh" and args [
  '-c',
  'wget --version > /dev/null\n' +
    'if [ $? -eq 0 ]\n' +
    'then\n' +
    '\twget --connect-timeout=7 --tries=1 --dns-timeout=7 -q  -O - http://169.254.169.254/latest/meta-data/instance-id\n' +
    'else\n' +
    '\tcurl --version > /dev/null\n' +
    '\tif [ $? -eq 0 ]\n' +
    '\tthen\n' +
    '\t\tcurl --connect-timeout 7 -s  http://169.254.169.254/latest/meta-data/instance-id\n' +
    '\tfi\n' +
    'fi\n' +
    'exit 0'
]
[IPC Library: Pty Host]  WARN Shell integration cannot be enabled for executable "/bin/sh" and args [
  '-c',
  'wget --version > /dev/null\n' +
    'if [ $? -eq 0 ]\n' +
    'then\n' +
    '\twget --connect-timeout=7 --tries=1 --dns-timeout=7 -q  -O - http://169.254.169.254/metadata/v1/id\n' +
    'else\n' +
    '\tcurl --version > /dev/null\n' +
    '\tif [ $? -eq 0 ]\n' +
    '\tthen\n' +
    '\t\tcurl --connect-timeout 7 -s  http://169.254.169.254/metadata/v1/id\n' +
    '\tfi\n' +
    'fi\n' +
    'exit 0'
]
[IPC Library: Pty Host]  WARN Shell integration cannot be enabled for executable "/bin/sh" and args [
  '-c',
  'wget --version > /dev/null\n' +
    'if [ $? -eq 0 ]\n' +
    'then\n' +
    "\twget --connect-timeout=7 --tries=1 --dns-timeout=7 -q --header='Metadata-Flavor:Google' -O - http://metadata.google.internal/computeMetadata/v1/instance/id\n" +
    'else\n' +
    '\tcurl --version > /dev/null\n' +
    '\tif [ $? -eq 0 ]\n' +
    '\tthen\n' +
    "\t\tcurl --connect-timeout 7 -s --header='Metadata-Flavor:Google' http://metadata.google.internal/computeMetadata/v1/instance/id\n" +
    '\tfi\n' +
    'fi\n' +
    'exit 0'
]
[09:48:01] [127.0.0.1][c7cb0e33][ManagementConnection] The client has disconnected gracefully, so the connection will be disposed.
[09:48:01] [127.0.0.1][abe0e099][ExtensionHostConnection] <4091989> Extension Host Process exited with code: 0, signal: null.
Cancelling previous shutdown timeout
[09:48:01] Cancelling previous shutdown timeout
Last EH closed, waiting before shutting down
[09:48:01] Last EH closed, waiting before shutting down
Got delay-shutdown request while in shutdown timeout, delaying
[09:48:05] Got delay-shutdown request while in shutdown timeout, delaying
Cancelling previous shutdown timeout
[09:48:05] Cancelling previous shutdown timeout
[09:48:05] [127.0.0.1][19d077b9][ManagementConnection] New connection established.
[09:48:05] [127.0.0.1][34efc0c1][ExtensionHostConnection] New connection established.
[09:48:05] [127.0.0.1][34efc0c1][ExtensionHostConnection] <4092441> Launched Extension Host Process.
[IPC Library: Pty Host]  WARN Shell integration cannot be enabled for executable "/bin/sh" and args [
  '-c',
  'wget --version > /dev/null\n' +
    'if [ $? -eq 0 ]\n' +
    'then\n' +
    "\twget --connect-timeout=7 --tries=1 --dns-timeout=7 -q --header='Metadata:true' -O - http://169.254.169.254/metadata/instance?api-version=2019-03-11\n" +
    'else\n' +
    '\tcurl --version > /dev/null\n' +
    '\tif [ $? -eq 0 ]\n' +
    '\tthen\n' +
    "\t\tcurl --connect-timeout 7 -s --header='Metadata:true' http://169.254.169.254/metadata/instance?api-version=2019-03-11\n" +
    '\tfi\n' +
    'fi\n' +
    'exit 0'
]
[IPC Library: Pty Host]  WARN Shell integration cannot be enabled for executable "/bin/sh" and args [
  '-c',
  'wget --version > /dev/null\n' +
    'if [ $? -eq 0 ]\n' +
    'then\n' +
    '\twget --connect-timeout=7 --tries=1 --dns-timeout=7 -q  -O - http://169.254.169.254/latest/meta-data/instance-id\n' +
    'else\n' +
    '\tcurl --version > /dev/null\n' +
    '\tif [ $? -eq 0 ]\n' +
    '\tthen\n' +
    '\t\tcurl --connect-timeout 7 -s  http://169.254.169.254/latest/meta-data/instance-id\n' +
    '\tfi\n' +
    'fi\n' +
    'exit 0'
]
[IPC Library: Pty Host]  WARN Shell integration cannot be enabled for executable "/bin/sh" and args [
  '-c',
  'wget --version > /dev/null\n' +
    'if [ $? -eq 0 ]\n' +
    'then\n' +
    '\twget --connect-timeout=7 --tries=1 --dns-timeout=7 -q  -O - http://169.254.169.254/metadata/v1/id\n' +
    'else\n' +
    '\tcurl --version > /dev/null\n' +
    '\tif [ $? -eq 0 ]\n' +
    '\tthen\n' +
    '\t\tcurl --connect-timeout 7 -s  http://169.254.169.254/metadata/v1/id\n' +
    '\tfi\n' +
    'fi\n' +
    'exit 0'
]
[IPC Library: Pty Host]  WARN Shell integration cannot be enabled for executable "/bin/sh" and args [
  '-c',
  'wget --version > /dev/null\n' +
    'if [ $? -eq 0 ]\n' +
    'then\n' +
    "\twget --connect-timeout=7 --tries=1 --dns-timeout=7 -q --header='Metadata-Flavor:Google' -O - http://metadata.google.internal/computeMetadata/v1/instance/id\n" +
    'else\n' +
    '\tcurl --version > /dev/null\n' +
    '\tif [ $? -eq 0 ]\n' +
    '\tthen\n' +
    "\t\tcurl --connect-timeout 7 -s --header='Metadata-Flavor:Google' http://metadata.google.internal/computeMetadata/v1/instance/id\n" +
    '\tfi\n' +
    'fi\n' +
    'exit 0'
]
[09:48:28] [127.0.0.1][19d077b9][ManagementConnection] The client has disconnected gracefully, so the connection will be disposed.
[09:48:28] [127.0.0.1][34efc0c1][ExtensionHostConnection] <4092441> Extension Host Process exited with code: 0, signal: null.
Cancelling previous shutdown timeout
[09:48:28] Cancelling previous shutdown timeout
Last EH closed, waiting before shutting down
[09:48:28] Last EH closed, waiting before shutting down
Last EH closed, shutting down
[09:53:28] Last EH closed, shutting down
