2023-01-11 09:43:10.250 [info] Log level: Info
2023-01-11 09:43:10.250 [info] Validating found git in: "git"
2023-01-11 09:43:10.250 [info] Using git "2.30.2" from "git"
2023-01-11 09:43:10.250 [info] > git rev-parse --show-toplevel [41ms]
2023-01-11 09:43:10.250 [info] > git rev-parse --git-dir --git-common-dir [1ms]
2023-01-11 09:43:10.250 [info] Open repository: /home/knykanen/public_html/redirect
2023-01-11 09:43:10.250 [info] > git config --get commit.template [1ms]
2023-01-11 09:43:10.251 [warning] No remotes found in the git config file.
2023-01-11 09:43:10.251 [info] > git remote --verbose [1ms]
2023-01-11 09:43:10.251 [info] > git status -z -uall [11ms]
2023-01-11 09:43:10.251 [info] > git for-each-ref --sort -committerdate --format %(refname) %(objectname) %(*objectname) [7ms]
2023-01-11 09:43:10.251 [info] > git config --get commit.template [1ms]
2023-01-11 09:43:10.251 [warning] No remotes found in the git config file.
2023-01-11 09:43:10.251 [info] > git remote --verbose [1ms]
2023-01-11 09:43:10.251 [info] > git status -z -uall [3ms]
2023-01-11 09:43:10.251 [info] > git for-each-ref --sort -committerdate --format %(refname) %(objectname) %(*objectname) [1ms]
2023-01-11 09:43:10.251 [info] > git show --textconv :.htaccess [27ms]
2023-01-11 09:43:10.251 [info] > git check-ignore -v -z --stdin [10ms]
2023-01-11 09:43:10.251 [info] > git ls-files --stage -- /home/knykanen/public_html/redirect/.htaccess [23ms]
2023-01-11 09:43:10.251 [info] > git cat-file -s d3f8f4f9c8167896117f1d07bedec13b016b3ad8 [7ms]
2023-01-11 09:43:13.018 [info] > git show --textconv :index.php [18ms]
2023-01-11 09:43:13.019 [info] > git ls-files --stage -- /home/knykanen/public_html/redirect/index.php [2ms]
2023-01-11 09:43:13.025 [info] > git cat-file -s c1faa97379a496fc956c14cea83fdcdfb179e30c [2ms]
